Lmod Warning:
-------------------------------------------------------------------------------
The following dependent module(s) are not currently loaded: cuda/11.5.0
(required by: ucx/1.12.1)
-------------------------------------------------------------------------------



Lmod Warning:
-------------------------------------------------------------------------------
The following dependent module(s) are not currently loaded: cuda/11.5.0
(required by: ucx/1.12.1)
-------------------------------------------------------------------------------



Lmod Warning:
-------------------------------------------------------------------------------
The following dependent module(s) are not currently loaded: cuda/9.1.85
(required by: cudnn/7.0.5)
-------------------------------------------------------------------------------




The following have been reloaded with a version change:
  1) cuda/9.1.85 => cuda/9.0.176             3) openmpi/4.1.2 => openmpi/3.1.2
  2) libfabric/1.14.0 => libfabric/1.6.0     4) ucx/1.12.1 => ucx/1.3.1

/share/software/user/open/py-h5py/2.7.1_py27/lib/python2.7/site-packages/h5py/__init__.py:36: FutureWarning: Conversion of the second argument of issubdtype from `float` to `np.floating` is deprecated. In future, it will be treated as `np.float64 == np.dtype(float).type`.
  from ._conv import register_converters as _register_converters
Traceback (most recent call last):
  File "train_grainsize.py", line 10, in <module>
    from model_grainsize import FNO2d
  File "../src/model_grainsize.py", line 15, in <module>
    from utilities3 import *
  File "../src/utilities3.py", line 15, in <module>
    device = torch.device('cuda' if torch.cuda.is_available() else 'cpu')
AttributeError: 'module' object has no attribute 'device'
