EL strainrate.shape[0]  50
EL train_index  [20 33 17 14 24 31 40 19  4 18 28 49 38 26 21 29  8 10 22  5 15  7  0 34
 44  6 46 25 30  1 36 32  9 41 37 11 43 42 47 12]
Information about the data:
Shape of strainrate_train    :  torch.Size([40, 450, 450, 1])
Shape of temperature_train   :  torch.Size([40, 450, 450, 1])
Shape of grainsize_train_a   :  torch.Size([40, 450, 450, 25])
Shape of grainsize_train_u   :  torch.Size([40, 450, 450, 25])
Shape of strainrate_valid    :  torch.Size([5, 450, 450, 1])
Shape of temperature_valid   :  torch.Size([5, 450, 450, 1])
Shape of grainsize_train_a   :  torch.Size([5, 450, 450, 25])
Shape of grainsize_valid_u   :  torch.Size([5, 450, 450, 25])
current epoch  0 , time  13.258584914030507 , train loss  263.89190673828125 , valid loss:  259.845947265625
current epoch  1 , time  1.8284824860747904 , train loss  260.72491455078125 , valid loss:  256.9775390625
current epoch  2 , time  1.73945167590864 , train loss  257.72491455078125 , valid loss:  254.26596069335938
current epoch  3 , time  1.7381240190006793 , train loss  254.8951416015625 , valid loss:  251.69017028808594
current epoch  4 , time  1.7369152151513845 , train loss  252.212158203125 , valid loss:  249.21022033691406
current epoch  5 , time  1.738803002052009 , train loss  249.6387939453125 , valid loss:  246.80258178710938
current epoch  6 , time  1.7349376471247524 , train loss  247.15374755859375 , valid loss:  244.44290161132812
current epoch  7 , time  1.7372826831415296 , train loss  244.73765563964844 , valid loss:  242.1049346923828
current epoch  8 , time  1.734233814990148 , train loss  242.35813903808594 , valid loss:  239.77703857421875
current epoch  9 , time  1.7499714291188866 , train loss  239.99948120117188 , valid loss:  237.45082092285156
current epoch  10 , time  1.7535330359824002 , train loss  237.64646911621094 , valid loss:  235.1217498779297
current epoch  11 , time  1.7724197839852422 , train loss  235.28955078125 , valid loss:  232.786376953125
current epoch  12 , time  1.7336382591165602 , train loss  232.92404174804688 , valid loss:  230.44419860839844
current epoch  13 , time  1.747080161003396 , train loss  230.55221557617188 , valid loss:  228.09414672851562
current epoch  14 , time  1.770335233071819 , train loss  228.1775665283203 , valid loss:  225.739990234375
current epoch  15 , time  1.7428208980709314 , train loss  225.8013916015625 , valid loss:  223.38226318359375
current epoch  16 , time  1.734042322030291 , train loss  223.4242706298828 , valid loss:  221.01675415039062
current epoch  17 , time  1.7356822148431093 , train loss  221.03709411621094 , valid loss:  218.64035034179688
current epoch  18 , time  1.736464231973514 , train loss  218.64205932617188 , valid loss:  216.2537078857422
current epoch  19 , time  1.7302347519434988 , train loss  216.23431396484375 , valid loss:  213.85482788085938
current epoch  20 , time  1.7412761030718684 , train loss  213.81710815429688 , valid loss:  211.4412841796875
current epoch  21 , time  1.7319645939860493 , train loss  211.38552856445312 , valid loss:  209.01548767089844
current epoch  22 , time  1.7289330060593784 , train loss  208.94281005859375 , valid loss:  206.57998657226562
current epoch  23 , time  1.7311036959290504 , train loss  206.4935302734375 , valid loss:  204.13409423828125
current epoch  24 , time  1.730910518206656 , train loss  204.0384063720703 , valid loss:  201.67703247070312
current epoch  25 , time  1.7432736598420888 , train loss  201.57958984375 , valid loss:  199.21112060546875
current epoch  26 , time  1.7329766910988837 , train loss  199.115966796875 , valid loss:  196.7482452392578
current epoch  27 , time  1.7323894121218473 , train loss  196.65882873535156 , valid loss:  194.2947998046875
current epoch  28 , time  1.7321701920591295 , train loss  194.21142578125 , valid loss:  191.85401916503906
current epoch  29 , time  1.745314221130684 , train loss  191.7811279296875 , valid loss:  189.4275665283203
current epoch  30 , time  1.7342152609489858 , train loss  189.35986328125 , valid loss:  187.01678466796875
current epoch  31 , time  1.7453980138525367 , train loss  186.959228515625 , valid loss:  184.6212615966797
current epoch  32 , time  1.74457986978814 , train loss  184.572265625 , valid loss:  182.2405548095703
current epoch  33 , time  1.7306603910401464 , train loss  182.19863891601562 , valid loss:  179.87474060058594
current epoch  34 , time  1.7492943259421736 , train loss  179.84365844726562 , valid loss:  177.52252197265625
current epoch  35 , time  1.7426058610435575 , train loss  177.49911499023438 , valid loss:  175.18255615234375
current epoch  36 , time  1.7382853808812797 , train loss  175.16348266601562 , valid loss:  172.85311889648438
current epoch  37 , time  1.7468331439886242 , train loss  172.84266662597656 , valid loss:  170.5337677001953
current epoch  38 , time  1.740014127921313 , train loss  170.53082275390625 , valid loss:  168.22410583496094
current epoch  39 , time  1.7293587878812104 , train loss  168.2252197265625 , valid loss:  165.92449951171875
current epoch  40 , time  1.731259274063632 , train loss  165.93099975585938 , valid loss:  163.63577270507812
current epoch  41 , time  1.7318571549840271 , train loss  163.64389038085938 , valid loss:  161.3584747314453
current epoch  42 , time  1.7321243919432163 , train loss  161.3701629638672 , valid loss:  159.0936737060547
current epoch  43 , time  1.7312748790718615 , train loss  159.10943603515625 , valid loss:  156.84161376953125
current epoch  44 , time  1.7319845601450652 , train loss  156.8643341064453 , valid loss:  154.601806640625
current epoch  45 , time  1.7293082808610052 , train loss  154.63076782226562 , valid loss:  152.3748321533203
current epoch  46 , time  1.729652678128332 , train loss  152.40890502929688 , valid loss:  150.1615753173828
current epoch  47 , time  1.7298535329755396 , train loss  150.20428466796875 , valid loss:  147.96295166015625
current epoch  48 , time  1.7376505238935351 , train loss  148.01553344726562 , valid loss:  145.77967834472656
current epoch  49 , time  1.731089040171355 , train loss  145.8434295654297 , valid loss:  143.61256408691406
current epoch  50 , time  1.7325538778677583 , train loss  143.68714904785156 , valid loss:  141.46136474609375
current epoch  51 , time  1.7297050100751221 , train loss  141.54342651367188 , valid loss:  139.32669067382812
current epoch  52 , time  1.7309922210406512 , train loss  139.41677856445312 , valid loss:  137.2098388671875
current epoch  53 , time  1.738894582958892 , train loss  137.3101806640625 , valid loss:  135.11279296875
current epoch  54 , time  1.7798928651027381 , train loss  135.2206268310547 , valid loss:  133.03607177734375
current epoch  55 , time  1.7362001040019095 , train loss  133.15147399902344 , valid loss:  130.97999572753906
current epoch  56 , time  1.742145132040605 , train loss  131.10243225097656 , valid loss:  128.94485473632812
current epoch  57 , time  1.7347308180760592 , train loss  129.07276916503906 , valid loss:  126.93122100830078
current epoch  58 , time  1.741656901082024 , train loss  127.06912231445312 , valid loss:  124.94044494628906
current epoch  59 , time  1.7312443158589303 , train loss  125.08381652832031 , valid loss:  122.97343444824219
current epoch  60 , time  1.737841964000836 , train loss  123.12415313720703 , valid loss:  121.03097534179688
current epoch  61 , time  1.7304726999718696 , train loss  121.19087219238281 , valid loss:  119.11436462402344
current epoch  62 , time  1.7429772440809757 , train loss  119.27914428710938 , valid loss:  117.22472381591797
current epoch  63 , time  1.7339823350775987 , train loss  117.39730834960938 , valid loss:  115.3629150390625
current epoch  64 , time  1.8259727279655635 , train loss  115.54078674316406 , valid loss:  113.52964782714844
current epoch  65 , time  1.7772575828712434 , train loss  113.71170043945312 , valid loss:  111.72550964355469
current epoch  66 , time  1.790178910130635 , train loss  111.91374969482422 , valid loss:  109.95065307617188
current epoch  67 , time  1.7786259450949728 , train loss  110.14616394042969 , valid loss:  108.20507049560547
current epoch  68 , time  1.784066707128659 , train loss  108.40238952636719 , valid loss:  106.4886703491211
current epoch  69 , time  1.7759515868965536 , train loss  106.69175720214844 , valid loss:  104.80131530761719
current epoch  70 , time  1.774869532091543 , train loss  105.00881958007812 , valid loss:  103.14283752441406
current epoch  71 , time  1.7764901481568813 , train loss  103.35332489013672 , valid loss:  101.51327514648438
current epoch  72 , time  1.776696576969698 , train loss  101.7255859375 , valid loss:  99.91300964355469
current epoch  73 , time  1.7751158820465207 , train loss  100.12855529785156 , valid loss:  98.34220123291016
current epoch  74 , time  1.7729147509671748 , train loss  98.55867004394531 , valid loss:  96.80106353759766
current epoch  75 , time  1.7772300471551716 , train loss  97.0169906616211 , valid loss:  95.28976440429688
current epoch  76 , time  1.7783085650298744 , train loss  95.50607299804688 , valid loss:  93.80858612060547
current epoch  77 , time  1.779177081072703 , train loss  94.02648162841797 , valid loss:  92.35773468017578
current epoch  78 , time  1.7743484789971262 , train loss  92.57305908203125 , valid loss:  90.93705749511719
current epoch  79 , time  1.7762351508717984 , train loss  91.15253448486328 , valid loss:  89.54685974121094
current epoch  80 , time  1.7785005350597203 , train loss  89.76261901855469 , valid loss:  88.18760681152344
current epoch  81 , time  1.778271802002564 , train loss  88.40481567382812 , valid loss:  86.86021423339844
current epoch  82 , time  1.785521512851119 , train loss  87.08053588867188 , valid loss:  85.56521606445312
current epoch  83 , time  1.7766303841490299 , train loss  85.78936767578125 , valid loss:  84.30277252197266
current epoch  84 , time  1.7878031569998711 , train loss  84.52616882324219 , valid loss:  83.072265625
current epoch  85 , time  1.7753891160245985 , train loss  83.29927825927734 , valid loss:  81.873046875
current epoch  86 , time  1.7750459529925138 , train loss  82.10273742675781 , valid loss:  80.7044677734375
current epoch  87 , time  1.7760287339333445 , train loss  80.93338775634766 , valid loss:  79.56587219238281
current epoch  88 , time  1.785010265186429 , train loss  79.79914855957031 , valid loss:  78.4566421508789
current epoch  89 , time  1.7798338278662413 , train loss  78.6934814453125 , valid loss:  77.37626647949219
current epoch  90 , time  1.789762252010405 , train loss  77.61746215820312 , valid loss:  76.32423400878906
current epoch  91 , time  1.7834626359399408 , train loss  76.56184387207031 , valid loss:  75.29994201660156
current epoch  92 , time  1.7838024490047246 , train loss  75.5440673828125 , valid loss:  74.30255126953125
current epoch  93 , time  1.8077157828956842 , train loss  74.55138397216797 , valid loss:  73.33125305175781
current epoch  94 , time  1.7939432507846504 , train loss  73.58367919921875 , valid loss:  72.38541412353516
current epoch  95 , time  1.786110988119617 , train loss  72.64093780517578 , valid loss:  71.46435546875
current epoch  96 , time  1.7692989469505847 , train loss  71.72239685058594 , valid loss:  70.56770324707031
current epoch  97 , time  1.7762885799165815 , train loss  70.8271713256836 , valid loss:  69.69456481933594
current epoch  98 , time  1.7745976869482547 , train loss  69.96128845214844 , valid loss:  68.84461975097656
current epoch  99 , time  1.778578212019056 , train loss  69.11595153808594 , valid loss:  68.01795959472656
current epoch  100 , time  1.775152106070891 , train loss  68.29024505615234 , valid loss:  67.21483612060547
current epoch  101 , time  1.7778572030365467 , train loss  67.49130249023438 , valid loss:  66.43515014648438
current epoch  102 , time  1.7740905401296914 , train loss  66.716552734375 , valid loss:  65.67802429199219
current epoch  103 , time  1.7755874688737094 , train loss  65.95759582519531 , valid loss:  64.94232940673828
current epoch  104 , time  1.7784368810243905 , train loss  65.22868347167969 , valid loss:  64.22740936279297
current epoch  105 , time  1.7802966150920838 , train loss  64.5129165649414 , valid loss:  63.53276824951172
current epoch  106 , time  1.7757348930463195 , train loss  63.82280731201172 , valid loss:  62.858070373535156
current epoch  107 , time  1.7750454091001302 , train loss  63.14613342285156 , valid loss:  62.20331573486328
current epoch  108 , time  1.7762764990329742 , train loss  62.497764587402344 , valid loss:  61.5677490234375
current epoch  109 , time  1.7783299149014056 , train loss  61.86077117919922 , valid loss:  60.953208923339844
current epoch  110 , time  1.7774594710208476 , train loss  61.25273132324219 , valid loss:  60.360328674316406
current epoch  111 , time  1.7760744080878794 , train loss  60.662803649902344 , valid loss:  59.788490295410156
current epoch  112 , time  1.778154372004792 , train loss  60.085079193115234 , valid loss:  59.23662567138672
current epoch  113 , time  1.7788136859890074 , train loss  59.55219268798828 , valid loss:  58.704185485839844
current epoch  114 , time  1.7763281259685755 , train loss  59.01629638671875 , valid loss:  58.190147399902344
current epoch  115 , time  1.778334085131064 , train loss  58.5200080871582 , valid loss:  57.69352722167969
current epoch  116 , time  1.7976024479139596 , train loss  58.012752532958984 , valid loss:  57.212364196777344
current epoch  117 , time  1.8307452260050923 , train loss  57.54096221923828 , valid loss:  56.74504852294922
current epoch  118 , time  1.79125076206401 , train loss  57.076873779296875 , valid loss:  56.29229736328125
current epoch  119 , time  1.777370089897886 , train loss  56.635231018066406 , valid loss:  55.85512924194336
current epoch  120 , time  1.7899589207954705 , train loss  56.19120407104492 , valid loss:  55.43367004394531
current epoch  121 , time  1.7761780398432165 , train loss  55.7788200378418 , valid loss:  55.02790069580078
current epoch  122 , time  1.7897836479824036 , train loss  55.36412811279297 , valid loss:  54.636322021484375
current epoch  123 , time  1.7911943579092622 , train loss  54.96905517578125 , valid loss:  54.258201599121094
current epoch  124 , time  1.7751735029742122 , train loss  54.60658645629883 , valid loss:  53.89397430419922
current epoch  125 , time  1.7913740330841392 , train loss  54.24481964111328 , valid loss:  53.54389190673828
current epoch  126 , time  1.776720066089183 , train loss  53.90013122558594 , valid loss:  53.20826721191406
current epoch  127 , time  1.7848973299842328 , train loss  53.568702697753906 , valid loss:  52.886558532714844
current epoch  128 , time  1.7794695149641484 , train loss  53.24354553222656 , valid loss:  52.578590393066406
current epoch  129 , time  1.7777907270938158 , train loss  52.944007873535156 , valid loss:  52.28378677368164
current epoch  130 , time  1.7767107929103076 , train loss  52.655704498291016 , valid loss:  52.00088119506836
current epoch  131 , time  1.7758065720554441 , train loss  52.36067581176758 , valid loss:  51.72881317138672
current epoch  132 , time  1.7786070802249014 , train loss  52.10533142089844 , valid loss:  51.46771240234375
current epoch  133 , time  1.7737125498242676 , train loss  51.83587646484375 , valid loss:  51.21806716918945
current epoch  134 , time  1.776524141896516 , train loss  51.593231201171875 , valid loss:  50.97911071777344
current epoch  135 , time  1.7758190059103072 , train loss  51.35767364501953 , valid loss:  50.749114990234375
current epoch  136 , time  1.7780711671803147 , train loss  51.13242721557617 , valid loss:  50.52837371826172
current epoch  137 , time  1.7767203161492944 , train loss  50.895503997802734 , valid loss:  50.31745147705078
current epoch  138 , time  1.7750901840627193 , train loss  50.68852615356445 , valid loss:  50.11638641357422
current epoch  139 , time  1.7751974849961698 , train loss  50.4886474609375 , valid loss:  49.924320220947266
current epoch  140 , time  1.7786269669886678 , train loss  50.2861328125 , valid loss:  49.740928649902344
current epoch  141 , time  1.7773170981090516 , train loss  50.11780548095703 , valid loss:  49.56610870361328
current epoch  142 , time  1.7757228610571474 , train loss  49.941741943359375 , valid loss:  49.40022277832031
current epoch  143 , time  1.77341298898682 , train loss  49.74980926513672 , valid loss:  49.24177932739258
current epoch  144 , time  1.7749851560220122 , train loss  49.59449768066406 , valid loss:  49.08961868286133
current epoch  145 , time  1.7760269839782268 , train loss  49.4420280456543 , valid loss:  48.94437789916992
current epoch  146 , time  1.7746414330322295 , train loss  49.285987854003906 , valid loss:  48.80552673339844
current epoch  147 , time  1.7818139630835503 , train loss  49.15580749511719 , valid loss:  48.672325134277344
current epoch  148 , time  1.7776409999933094 , train loss  49.00684356689453 , valid loss:  48.543846130371094
current epoch  149 , time  1.7763636789750308 , train loss  48.86191177368164 , valid loss:  48.42123031616211
current epoch  150 , time  1.8039420382119715 , train loss  48.75025177001953 , valid loss:  48.304603576660156
current epoch  151 , time  1.7668387650046498 , train loss  48.623687744140625 , valid loss:  48.193058013916016
current epoch  152 , time  1.7724014390259981 , train loss  48.52478790283203 , valid loss:  48.085350036621094
current epoch  153 , time  1.771534183062613 , train loss  48.38603973388672 , valid loss:  47.98222351074219
current epoch  154 , time  1.7888078950345516 , train loss  48.28261184692383 , valid loss:  47.883140563964844
current epoch  155 , time  1.7749664089642465 , train loss  48.1728401184082 , valid loss:  47.78778076171875
current epoch  156 , time  1.7873216529842466 , train loss  48.07902526855469 , valid loss:  47.6965217590332
current epoch  157 , time  1.7811969770118594 , train loss  47.975059509277344 , valid loss:  47.609779357910156
current epoch  158 , time  1.7872378169558942 , train loss  47.89227294921875 , valid loss:  47.52833557128906
current epoch  159 , time  1.77448565303348 , train loss  47.792633056640625 , valid loss:  47.45177459716797
current epoch  160 , time  1.7935551861301064 , train loss  47.71821594238281 , valid loss:  47.37819290161133
current epoch  161 , time  1.777554295025766 , train loss  47.62334060668945 , valid loss:  47.307708740234375
current epoch  162 , time  1.787183856125921 , train loss  47.56472396850586 , valid loss:  47.241512298583984
current epoch  163 , time  1.7780197360552847 , train loss  47.49225997924805 , valid loss:  47.17974090576172
current epoch  164 , time  1.781025324948132 , train loss  47.41706085205078 , valid loss:  47.12051773071289
current epoch  165 , time  1.7790436299983412 , train loss  47.363792419433594 , valid loss:  47.063453674316406
current epoch  166 , time  1.7737336501013488 , train loss  47.29949188232422 , valid loss:  47.00988006591797
current epoch  167 , time  1.7704715470317751 , train loss  47.220829010009766 , valid loss:  46.95940399169922
current epoch  168 , time  1.7778353858739138 , train loss  47.16484832763672 , valid loss:  46.91080856323242
current epoch  169 , time  1.7712215308565646 , train loss  47.120121002197266 , valid loss:  46.864158630371094
current epoch  170 , time  1.773319608066231 , train loss  47.06352996826172 , valid loss:  46.81932830810547
current epoch  171 , time  1.7744030191097409 , train loss  47.018394470214844 , valid loss:  46.777008056640625
current epoch  172 , time  1.7739511879626662 , train loss  46.95575714111328 , valid loss:  46.73722457885742
current epoch  173 , time  1.7742285400163382 , train loss  46.91545104980469 , valid loss:  46.69975280761719
current epoch  174 , time  1.7732783381361514 , train loss  46.848907470703125 , valid loss:  46.663291931152344
current epoch  175 , time  1.7747428040020168 , train loss  46.82069396972656 , valid loss:  46.62882995605469
current epoch  176 , time  1.7729148401413113 , train loss  46.78273010253906 , valid loss:  46.59693908691406
current epoch  177 , time  1.7774842937942594 , train loss  46.742645263671875 , valid loss:  46.56593322753906
current epoch  178 , time  1.7770627608988434 , train loss  46.698204040527344 , valid loss:  46.53584289550781
current epoch  179 , time  1.7727922920603305 , train loss  46.645355224609375 , valid loss:  46.50828170776367
current epoch  180 , time  1.7724548648111522 , train loss  46.625797271728516 , valid loss:  46.48271179199219
current epoch  181 , time  1.7728350970428437 , train loss  46.564598083496094 , valid loss:  46.45784378051758
current epoch  182 , time  1.7752659928519279 , train loss  46.541465759277344 , valid loss:  46.43303298950195
current epoch  183 , time  1.782593856798485 , train loss  46.50410842895508 , valid loss:  46.410099029541016
current epoch  184 , time  1.773039204068482 , train loss  46.49174880981445 , valid loss:  46.388343811035156
current epoch  185 , time  1.7766873899381608 , train loss  46.43522644042969 , valid loss:  46.36692810058594
current epoch  186 , time  1.7762707418296486 , train loss  46.427101135253906 , valid loss:  46.3461799621582
current epoch  187 , time  1.7794891020748764 , train loss  46.380924224853516 , valid loss:  46.32760238647461
current epoch  188 , time  1.787983434041962 , train loss  46.323150634765625 , valid loss:  46.30860900878906
current epoch  189 , time  1.7766221431083977 , train loss  46.30952072143555 , valid loss:  46.289955139160156
current epoch  190 , time  1.778777243103832 , train loss  46.28461456298828 , valid loss:  46.27240753173828
current epoch  191 , time  1.7767144460231066 , train loss  46.27362823486328 , valid loss:  46.25543212890625
current epoch  192 , time  1.775616534985602 , train loss  46.2152099609375 , valid loss:  46.23862075805664
current epoch  193 , time  1.7852721649687737 , train loss  46.190032958984375 , valid loss:  46.222591400146484
current epoch  194 , time  1.7809317191131413 , train loss  46.1822509765625 , valid loss:  46.20758056640625
current epoch  195 , time  1.7898945659399033 , train loss  46.14960479736328 , valid loss:  46.19293975830078
current epoch  196 , time  1.783590427832678 , train loss  46.123695373535156 , valid loss:  46.178184509277344
current epoch  197 , time  1.7822968258988112 , train loss  46.09220886230469 , valid loss:  46.16444396972656
current epoch  198 , time  1.7908012690022588 , train loss  46.065650939941406 , valid loss:  46.15071487426758
current epoch  199 , time  1.7736604250967503 , train loss  46.034996032714844 , valid loss:  46.138450622558594
current epoch  200 , time  1.7886759859975427 , train loss  46.00957107543945 , valid loss:  46.12567138671875
current epoch  201 , time  1.775942362146452 , train loss  45.983009338378906 , valid loss:  46.113548278808594
current epoch  202 , time  1.789268339984119 , train loss  45.968719482421875 , valid loss:  46.103065490722656
current epoch  203 , time  1.7803697360213846 , train loss  45.95954895019531 , valid loss:  46.09197235107422
current epoch  204 , time  1.7827827329747379 , train loss  45.9288444519043 , valid loss:  46.08026123046875
current epoch  205 , time  1.7740540690720081 , train loss  45.90946960449219 , valid loss:  46.07042694091797
current epoch  206 , time  1.7759182050358504 , train loss  45.88149642944336 , valid loss:  46.060428619384766
current epoch  207 , time  1.7757256259210408 , train loss  45.86052703857422 , valid loss:  46.050621032714844
current epoch  208 , time  1.7766877221874893 , train loss  45.846012115478516 , valid loss:  46.041961669921875
current epoch  209 , time  1.7739990360569209 , train loss  45.80353546142578 , valid loss:  46.0327262878418
current epoch  210 , time  1.775718515040353 , train loss  45.78955841064453 , valid loss:  46.024009704589844
current epoch  211 , time  1.7759904970880598 , train loss  45.77227783203125 , valid loss:  46.015472412109375
current epoch  212 , time  1.7787626539357007 , train loss  45.75952911376953 , valid loss:  46.00762176513672
current epoch  213 , time  1.7777731860987842 , train loss  45.728004455566406 , valid loss:  46.00044250488281
current epoch  214 , time  1.7719456541817635 , train loss  45.72235870361328 , valid loss:  45.99204635620117
current epoch  215 , time  1.7790724758524448 , train loss  45.70601272583008 , valid loss:  45.984352111816406
current epoch  216 , time  1.774677191162482 , train loss  45.673919677734375 , valid loss:  45.97776412963867
current epoch  217 , time  1.7864003269933164 , train loss  45.65813446044922 , valid loss:  45.970123291015625
current epoch  218 , time  1.7764293579384685 , train loss  45.643497467041016 , valid loss:  45.96385192871094
current epoch  219 , time  1.7752068559639156 , train loss  45.62196350097656 , valid loss:  45.9580192565918
current epoch  220 , time  1.7768779259640723 , train loss  45.60811996459961 , valid loss:  45.94977569580078
current epoch  221 , time  1.775689526926726 , train loss  45.589805603027344 , valid loss:  45.94427490234375
current epoch  222 , time  1.7761022860649973 , train loss  45.56657791137695 , valid loss:  45.93913269042969
current epoch  223 , time  1.7764842850156128 , train loss  45.54096221923828 , valid loss:  45.93262481689453
current epoch  224 , time  1.7773412999231368 , train loss  45.538230895996094 , valid loss:  45.92655944824219
current epoch  225 , time  1.7785660428926349 , train loss  45.511566162109375 , valid loss:  45.92137145996094
current epoch  226 , time  1.7742544820066541 , train loss  45.50091552734375 , valid loss:  45.91553497314453
current epoch  227 , time  1.7849531401880085 , train loss  45.482200622558594 , valid loss:  45.91145324707031
current epoch  228 , time  1.7783224789891392 , train loss  45.46945571899414 , valid loss:  45.906105041503906
current epoch  229 , time  1.789381002774462 , train loss  45.437137603759766 , valid loss:  45.90020751953125
current epoch  230 , time  1.7903996019158512 , train loss  45.44435119628906 , valid loss:  45.89661407470703
current epoch  231 , time  1.779083440080285 , train loss  45.41355895996094 , valid loss:  45.89231491088867
current epoch  232 , time  1.7896768180653453 , train loss  45.398338317871094 , valid loss:  45.8876953125
current epoch  233 , time  1.7907756420318037 , train loss  45.38606262207031 , valid loss:  45.88447952270508
current epoch  234 , time  1.779937271028757 , train loss  45.359619140625 , valid loss:  45.88062286376953
current epoch  235 , time  1.7857077629305422 , train loss  45.35386276245117 , valid loss:  45.87647247314453
current epoch  236 , time  1.7862191470339894 , train loss  45.35326385498047 , valid loss:  45.87272262573242
current epoch  237 , time  1.775559260044247 , train loss  45.3289794921875 , valid loss:  45.86932373046875
current epoch  238 , time  1.77364282310009 , train loss  45.30802536010742 , valid loss:  45.86492156982422
current epoch  239 , time  1.7768586189486086 , train loss  45.28190231323242 , valid loss:  45.86212158203125
current epoch  240 , time  1.7801183389965445 , train loss  45.264305114746094 , valid loss:  45.85799789428711
current epoch  241 , time  1.7756721880286932 , train loss  45.26472473144531 , valid loss:  45.85626983642578
current epoch  242 , time  1.7768660511355847 , train loss  45.24891662597656 , valid loss:  45.85356903076172
current epoch  243 , time  1.772398083936423 , train loss  45.22035217285156 , valid loss:  45.849002838134766
current epoch  244 , time  1.7772558331489563 , train loss  45.219207763671875 , valid loss:  45.847625732421875
current epoch  245 , time  1.7784206098876894 , train loss  45.20204162597656 , valid loss:  45.844398498535156
current epoch  246 , time  1.7749046720564365 , train loss  45.18251419067383 , valid loss:  45.84197235107422
current epoch  247 , time  1.7776997222099453 , train loss  45.14651870727539 , valid loss:  45.83910369873047
current epoch  248 , time  1.774673349922523 , train loss  45.16927719116211 , valid loss:  45.83656311035156
current epoch  249 , time  1.7770344209857285 , train loss  45.139259338378906 , valid loss:  45.834197998046875
current epoch  250 , time  1.7757810449693352 , train loss  45.128177642822266 , valid loss:  45.83338165283203
current epoch  251 , time  1.807590558892116 , train loss  45.093997955322266 , valid loss:  45.83059310913086
current epoch  252 , time  1.7805858440697193 , train loss  45.106143951416016 , valid loss:  45.83038330078125
current epoch  253 , time  1.7747786869294941 , train loss  45.08385467529297 , valid loss:  45.826560974121094
current epoch  254 , time  1.7780710610095412 , train loss  45.049346923828125 , valid loss:  45.82769775390625
current epoch  255 , time  1.7780093371402472 , train loss  45.054901123046875 , valid loss:  45.826290130615234
current epoch  256 , time  1.7874583269003779 , train loss  45.041038513183594 , valid loss:  45.82429504394531
current epoch  257 , time  1.817111434880644 , train loss  45.04315185546875 , valid loss:  45.82275390625
current epoch  258 , time  1.7741834940388799 , train loss  45.020748138427734 , valid loss:  45.82301330566406
current epoch  259 , time  1.7756001008674502 , train loss  45.00004577636719 , valid loss:  45.81721496582031
current epoch  260 , time  1.776372300926596 , train loss  44.980220794677734 , valid loss:  45.81743621826172
current epoch  261 , time  1.779751235852018 , train loss  44.981258392333984 , valid loss:  45.81468200683594
current epoch  262 , time  1.7909044718835503 , train loss  44.95274353027344 , valid loss:  45.81463623046875
current epoch  263 , time  1.7889910880476236 , train loss  44.93685531616211 , valid loss:  45.812705993652344
current epoch  264 , time  1.7777044540271163 , train loss  44.92327880859375 , valid loss:  45.81256103515625
current epoch  265 , time  1.7911013569682837 , train loss  44.89701843261719 , valid loss:  45.81339645385742
current epoch  266 , time  1.7787762500811368 , train loss  44.888587951660156 , valid loss:  45.81061553955078
current epoch  267 , time  1.790545895928517 , train loss  44.89448547363281 , valid loss:  45.81367492675781
current epoch  268 , time  1.7790785620454699 , train loss  44.87034606933594 , valid loss:  45.80922317504883
current epoch  269 , time  1.7899989208672196 , train loss  44.8557243347168 , valid loss:  45.810577392578125
current epoch  270 , time  1.7888580791186541 , train loss  44.85435104370117 , valid loss:  45.80828094482422
current epoch  271 , time  1.779722466133535 , train loss  44.8115119934082 , valid loss:  45.80854797363281
current epoch  272 , time  1.7798458188772202 , train loss  44.79948043823242 , valid loss:  45.80901336669922
current epoch  273 , time  1.7810954139567912 , train loss  44.797027587890625 , valid loss:  45.80964660644531
current epoch  274 , time  1.7751685199327767 , train loss  44.798458099365234 , valid loss:  45.811519622802734
current epoch  275 , time  1.7763151209801435 , train loss  44.773284912109375 , valid loss:  45.80945587158203
current epoch  276 , time  1.7761652020271868 , train loss  44.75923156738281 , valid loss:  45.811466217041016
current epoch  277 , time  1.776618842035532 , train loss  44.74089050292969 , valid loss:  45.809593200683594
current epoch  278 , time  1.7761353629175574 , train loss  44.71703338623047 , valid loss:  45.810394287109375
current epoch  279 , time  1.777911301003769 , train loss  44.712162017822266 , valid loss:  45.81048583984375
current epoch  280 , time  1.7763539939187467 , train loss  44.69554901123047 , valid loss:  45.810516357421875
current epoch  281 , time  1.7820790689438581 , train loss  44.686119079589844 , valid loss:  45.80953598022461
current epoch  282 , time  1.7686714800074697 , train loss  44.678436279296875 , valid loss:  45.80994415283203
current epoch  283 , time  1.7734409309923649 , train loss  44.661285400390625 , valid loss:  45.81129455566406
current epoch  284 , time  1.7787628448568285 , train loss  44.650856018066406 , valid loss:  45.810882568359375
current epoch  285 , time  1.7731636478565633 , train loss  44.62745666503906 , valid loss:  45.811744689941406
current epoch  286 , time  1.770352330058813 , train loss  44.610565185546875 , valid loss:  45.815040588378906
current epoch  287 , time  1.7706920730415732 , train loss  44.57623291015625 , valid loss:  45.8123779296875
current epoch  288 , time  1.773125838022679 , train loss  44.595462799072266 , valid loss:  45.81745529174805
current epoch  289 , time  1.7760127710644156 , train loss  44.57685089111328 , valid loss:  45.815589904785156
current epoch  290 , time  1.7743231430649757 , train loss  44.56034469604492 , valid loss:  45.82210922241211
current epoch  291 , time  1.7693789298646152 , train loss  44.55067443847656 , valid loss:  45.82068634033203
current epoch  292 , time  1.771816544001922 , train loss  44.527992248535156 , valid loss:  45.826759338378906
current epoch  293 , time  1.7793155640829355 , train loss  44.53132247924805 , valid loss:  45.82630920410156
current epoch  294 , time  1.8129547031130642 , train loss  44.504066467285156 , valid loss:  45.828983306884766
current epoch  295 , time  1.772911662934348 , train loss  44.50096130371094 , valid loss:  45.82679748535156
current epoch  296 , time  1.7773151169531047 , train loss  44.482852935791016 , valid loss:  45.827571868896484
current epoch  297 , time  1.7730100229382515 , train loss  44.44556427001953 , valid loss:  45.829490661621094
current epoch  298 , time  1.7815852160565555 , train loss  44.44267272949219 , valid loss:  45.83185577392578
current epoch  299 , time  1.7832274760585278 , train loss  44.43402862548828 , valid loss:  45.83502960205078
current epoch  300 , time  1.7872877568006516 , train loss  44.42345428466797 , valid loss:  45.84034729003906
current epoch  301 , time  1.7734926450066268 , train loss  44.4108772277832 , valid loss:  45.84239959716797
current epoch  302 , time  1.7878809119574726 , train loss  44.38113021850586 , valid loss:  45.84334182739258
current epoch  303 , time  1.7830816050991416 , train loss  44.379356384277344 , valid loss:  45.850975036621094
current epoch  304 , time  1.7803784769494087 , train loss  44.35521697998047 , valid loss:  45.84732437133789
current epoch  305 , time  1.7874876090791076 , train loss  44.36299133300781 , valid loss:  45.85492706298828
current epoch  306 , time  1.7737171228509396 , train loss  44.31759262084961 , valid loss:  45.8529052734375
current epoch  307 , time  1.78548662411049 , train loss  44.342567443847656 , valid loss:  45.85658264160156
current epoch  308 , time  1.7821979159489274 , train loss  44.308631896972656 , valid loss:  45.85845184326172
current epoch  309 , time  1.773787748068571 , train loss  44.28761672973633 , valid loss:  45.86116027832031
current epoch  310 , time  1.7730292091146111 , train loss  44.26832962036133 , valid loss:  45.869598388671875
current epoch  311 , time  1.7710640428122133 , train loss  44.265846252441406 , valid loss:  45.86803436279297
current epoch  312 , time  1.7721541330683976 , train loss  44.249534606933594 , valid loss:  45.878562927246094
current epoch  313 , time  1.7725243889726698 , train loss  44.24702835083008 , valid loss:  45.8751335144043
current epoch  314 , time  1.7733951120171696 , train loss  44.239112854003906 , valid loss:  45.88374328613281
current epoch  315 , time  1.7766863908618689 , train loss  44.208587646484375 , valid loss:  45.884674072265625
current epoch  316 , time  1.7743629498872906 , train loss  44.197418212890625 , valid loss:  45.89291000366211
current epoch  317 , time  1.772112458012998 , train loss  44.18083953857422 , valid loss:  45.903018951416016
current epoch  318 , time  1.7845657700672746 , train loss  44.167823791503906 , valid loss:  45.91172409057617
current epoch  319 , time  1.7686556947883219 , train loss  44.18288803100586 , valid loss:  45.91075134277344
current epoch  320 , time  1.7711229738779366 , train loss  44.14435577392578 , valid loss:  45.91352081298828
current epoch  321 , time  1.7725650321226567 , train loss  44.14080810546875 , valid loss:  45.90617370605469
current epoch  322 , time  1.7734151519834995 , train loss  44.139801025390625 , valid loss:  45.918575286865234
current epoch  323 , time  1.7760519289877266 , train loss  44.111183166503906 , valid loss:  45.92355728149414
current epoch  324 , time  1.7731697391718626 , train loss  44.119754791259766 , valid loss:  45.92176055908203
current epoch  325 , time  1.771481002913788 , train loss  44.10304260253906 , valid loss:  45.925254821777344
current epoch  326 , time  1.7724391298834234 , train loss  44.082969665527344 , valid loss:  45.92101287841797
current epoch  327 , time  1.7714348169974983 , train loss  44.035865783691406 , valid loss:  45.936004638671875
current epoch  328 , time  1.775697170989588 , train loss  44.04387664794922 , valid loss:  45.9410514831543
current epoch  329 , time  1.7904192439746112 , train loss  44.023712158203125 , valid loss:  45.94011688232422
current epoch  330 , time  1.7737557259388268 , train loss  44.00521469116211 , valid loss:  45.95063018798828
current epoch  331 , time  1.7746267111506313 , train loss  44.00135803222656 , valid loss:  45.94104766845703
current epoch  332 , time  1.7763130529783666 , train loss  43.96424102783203 , valid loss:  45.952293395996094
current epoch  333 , time  1.7779806088656187 , train loss  43.959171295166016 , valid loss:  45.961585998535156
current epoch  334 , time  1.7859387430362403 , train loss  43.970069885253906 , valid loss:  45.959877014160156
current epoch  335 , time  1.7777022260706872 , train loss  43.949241638183594 , valid loss:  45.97191619873047
current epoch  336 , time  1.795374052831903 , train loss  43.925048828125 , valid loss:  45.96580505371094
current epoch  337 , time  1.786684654885903 , train loss  43.9304313659668 , valid loss:  45.97101593017578
current epoch  338 , time  1.7769713220186532 , train loss  43.890892028808594 , valid loss:  45.9785041809082
current epoch  339 , time  1.7911204469855875 , train loss  43.88910675048828 , valid loss:  45.981422424316406
current epoch  340 , time  1.7757476880215108 , train loss  43.877403259277344 , valid loss:  45.994659423828125
current epoch  341 , time  1.7919940270949155 , train loss  43.86756896972656 , valid loss:  45.99209976196289
current epoch  342 , time  1.7744039071258157 , train loss  43.8560905456543 , valid loss:  45.99696350097656
current epoch  343 , time  1.7924876620527357 , train loss  43.82272720336914 , valid loss:  46.00243377685547
current epoch  344 , time  1.778148660203442 , train loss  43.81534194946289 , valid loss:  46.002479553222656
current epoch  345 , time  1.7856195329222828 , train loss  43.792388916015625 , valid loss:  46.01725769042969
current epoch  346 , time  1.7796872470062226 , train loss  43.81789779663086 , valid loss:  46.01807403564453
current epoch  347 , time  1.7711560409516096 , train loss  43.778892517089844 , valid loss:  46.02677536010742
current epoch  348 , time  1.7705883441958576 , train loss  43.7767333984375 , valid loss:  46.0341911315918
current epoch  349 , time  1.7724689349997789 , train loss  43.756446838378906 , valid loss:  46.03721618652344
current epoch  350 , time  1.7783208780456334 , train loss  43.760311126708984 , valid loss:  46.050323486328125
current epoch  351 , time  1.7737211310304701 , train loss  43.747642517089844 , valid loss:  46.0521240234375
current epoch  352 , time  1.7810713881626725 , train loss  43.741920471191406 , valid loss:  46.06159210205078
current epoch  353 , time  1.8297092958819121 , train loss  43.72356414794922 , valid loss:  46.059906005859375
current epoch  354 , time  1.7726394049823284 , train loss  43.69903564453125 , valid loss:  46.05797576904297
current epoch  355 , time  1.773435021052137 , train loss  43.70331573486328 , valid loss:  46.06483459472656
current epoch  356 , time  1.7699598530307412 , train loss  43.667518615722656 , valid loss:  46.066551208496094
current epoch  357 , time  1.7756615730468184 , train loss  43.6766357421875 , valid loss:  46.071044921875
current epoch  358 , time  1.7725379888433963 , train loss  43.64403533935547 , valid loss:  46.067684173583984
current epoch  359 , time  1.775263485033065 , train loss  43.668312072753906 , valid loss:  46.06827926635742
current epoch  360 , time  1.7686238279566169 , train loss  43.61222457885742 , valid loss:  46.082923889160156
current epoch  361 , time  1.7744029210880399 , train loss  43.60502624511719 , valid loss:  46.090213775634766
current epoch  362 , time  1.7768523471895605 , train loss  43.6146354675293 , valid loss:  46.09274673461914
current epoch  363 , time  1.7851391499862075 , train loss  43.573997497558594 , valid loss:  46.09222412109375
current epoch  364 , time  1.785211986862123 , train loss  43.58937072753906 , valid loss:  46.090576171875
current epoch  365 , time  1.7731279330328107 , train loss  43.56733703613281 , valid loss:  46.10257339477539
current epoch  366 , time  1.7750582399312407 , train loss  43.56716537475586 , valid loss:  46.10916519165039
current epoch  367 , time  1.784126162994653 , train loss  43.55863571166992 , valid loss:  46.1129264831543
current epoch  368 , time  1.78836476104334 , train loss  43.52477264404297 , valid loss:  46.119422912597656
current epoch  369 , time  1.775676640914753 , train loss  43.51749038696289 , valid loss:  46.11437225341797
current epoch  370 , time  1.7877184639219195 , train loss  43.50355529785156 , valid loss:  46.123565673828125
current epoch  371 , time  1.7881565841380507 , train loss  43.49441909790039 , valid loss:  46.130821228027344
current epoch  372 , time  1.7754153979476541 , train loss  43.48801040649414 , valid loss:  46.14038848876953
current epoch  373 , time  1.7886885220650584 , train loss  43.47209930419922 , valid loss:  46.147586822509766
current epoch  374 , time  1.7900981318671256 , train loss  43.456295013427734 , valid loss:  46.1528434753418
current epoch  375 , time  1.7794056190177798 , train loss  43.459434509277344 , valid loss:  46.163780212402344
current epoch  376 , time  1.7796408159192652 , train loss  43.44341278076172 , valid loss:  46.17408752441406
current epoch  377 , time  1.7739829269703478 , train loss  43.44261169433594 , valid loss:  46.170654296875
current epoch  378 , time  1.7715870779938996 , train loss  43.43574523925781 , valid loss:  46.17060852050781
current epoch  379 , time  1.771006059832871 , train loss  43.403011322021484 , valid loss:  46.170387268066406
current epoch  380 , time  1.770507002947852 , train loss  43.411476135253906 , valid loss:  46.18281173706055
current epoch  381 , time  1.7713512780610472 , train loss  43.398460388183594 , valid loss:  46.180030822753906
current epoch  382 , time  1.771232568891719 , train loss  43.34679412841797 , valid loss:  46.18461227416992
current epoch  383 , time  1.7737847291864455 , train loss  43.37061309814453 , valid loss:  46.18711853027344
current epoch  384 , time  1.7761718810070306 , train loss  43.35036849975586 , valid loss:  46.18675994873047
current epoch  385 , time  1.7767766281031072 , train loss  43.3433723449707 , valid loss:  46.199798583984375
current epoch  386 , time  1.776644028024748 , train loss  43.33455276489258 , valid loss:  46.2000617980957
current epoch  387 , time  1.7749754230026156 , train loss  43.33069610595703 , valid loss:  46.198219299316406
current epoch  388 , time  1.7768943179398775 , train loss  43.29900360107422 , valid loss:  46.204139709472656
current epoch  389 , time  1.7754510850645602 , train loss  43.282569885253906 , valid loss:  46.213165283203125
current epoch  390 , time  1.7823771960102022 , train loss  43.28183364868164 , valid loss:  46.22568130493164
current epoch  391 , time  1.879413072951138 , train loss  43.27967834472656 , valid loss:  46.22566223144531
current epoch  392 , time  1.7813949978444725 , train loss  43.26387405395508 , valid loss:  46.22645568847656
current epoch  393 , time  1.7781650701072067 , train loss  43.263580322265625 , valid loss:  46.233245849609375
current epoch  394 , time  1.779215777060017 , train loss  43.26005554199219 , valid loss:  46.23908996582031
current epoch  395 , time  1.7945845839567482 , train loss  43.23219299316406 , valid loss:  46.25010299682617
current epoch  396 , time  1.779082520864904 , train loss  43.22980880737305 , valid loss:  46.251548767089844
current epoch  397 , time  1.7924004229716957 , train loss  43.20642852783203 , valid loss:  46.26390075683594
current epoch  398 , time  1.7716285199858248 , train loss  43.227638244628906 , valid loss:  46.26072692871094
current epoch  399 , time  1.8094796191435307 , train loss  43.17389678955078 , valid loss:  46.276283264160156
current epoch  400 , time  1.771803684066981 , train loss  43.175933837890625 , valid loss:  46.28395080566406
current epoch  401 , time  1.7752876009326428 , train loss  43.16645812988281 , valid loss:  46.28948211669922
current epoch  402 , time  1.7769741648808122 , train loss  43.182579040527344 , valid loss:  46.30442810058594
current epoch  403 , time  1.7754471448715776 , train loss  43.157981872558594 , valid loss:  46.304115295410156
current epoch  404 , time  1.7910732910968363 , train loss  43.176307678222656 , valid loss:  46.31065368652344
current epoch  405 , time  1.773167554056272 , train loss  43.129974365234375 , valid loss:  46.31656265258789
current epoch  406 , time  1.7907036098185927 , train loss  43.1348876953125 , valid loss:  46.31587219238281
current epoch  407 , time  1.7882729629054666 , train loss  43.12543487548828 , valid loss:  46.322078704833984
current epoch  408 , time  1.78404233395122 , train loss  43.11984634399414 , valid loss:  46.309844970703125
current epoch  409 , time  1.7957056111190468 , train loss  43.07976531982422 , valid loss:  46.327484130859375
current epoch  410 , time  1.7743826310615987 , train loss  43.09114074707031 , valid loss:  46.330078125
current epoch  411 , time  1.7889915369451046 , train loss  43.07275390625 , valid loss:  46.34465026855469
current epoch  412 , time  1.7775269499979913 , train loss  43.07577133178711 , valid loss:  46.35050582885742
current epoch  413 , time  1.795313854003325 , train loss  43.0565185546875 , valid loss:  46.35061264038086
current epoch  414 , time  1.779398819198832 , train loss  43.04327392578125 , valid loss:  46.361236572265625
current epoch  415 , time  1.7789371290709823 , train loss  43.039794921875 , valid loss:  46.356956481933594
current epoch  416 , time  1.7767605369444937 , train loss  43.04704284667969 , valid loss:  46.3736572265625
current epoch  417 , time  1.7753388290293515 , train loss  42.99364471435547 , valid loss:  46.36422348022461
current epoch  418 , time  1.7738142309244722 , train loss  42.99427795410156 , valid loss:  46.38479232788086
current epoch  419 , time  1.7876580690499395 , train loss  43.022911071777344 , valid loss:  46.38395690917969
current epoch  420 , time  1.8187248869799078 , train loss  42.996620178222656 , valid loss:  46.39600372314453
current epoch  421 , time  1.7754469888750464 , train loss  42.9775390625 , valid loss:  46.39311218261719
current epoch  422 , time  1.7722670468501747 , train loss  42.999427795410156 , valid loss:  46.407310485839844
current epoch  423 , time  1.791547403903678 , train loss  42.9588737487793 , valid loss:  46.40848922729492
current epoch  424 , time  1.7875553909689188 , train loss  42.96460723876953 , valid loss:  46.429603576660156
current epoch  425 , time  1.7926724927965552 , train loss  42.937599182128906 , valid loss:  46.41594696044922
current epoch  426 , time  1.7776347899343818 , train loss  42.951866149902344 , valid loss:  46.437591552734375
current epoch  427 , time  1.777995381038636 , train loss  42.92240905761719 , valid loss:  46.432472229003906
current epoch  428 , time  1.7813026369549334 , train loss  42.937137603759766 , valid loss:  46.45956802368164
current epoch  429 , time  1.7806689508724958 , train loss  42.92346954345703 , valid loss:  46.45722961425781
current epoch  430 , time  1.785847304854542 , train loss  42.92127990722656 , valid loss:  46.458984375
current epoch  431 , time  1.7830358119681478 , train loss  42.885658264160156 , valid loss:  46.47528076171875
current epoch  432 , time  1.7803168089594692 , train loss  42.88216018676758 , valid loss:  46.47294998168945
current epoch  433 , time  1.781571590108797 , train loss  42.88280487060547 , valid loss:  46.48809814453125
current epoch  434 , time  1.7880133287981153 , train loss  42.844085693359375 , valid loss:  46.47233200073242
current epoch  435 , time  1.7817072221077979 , train loss  42.85505294799805 , valid loss:  46.480812072753906
current epoch  436 , time  1.7820225099567324 , train loss  42.85995864868164 , valid loss:  46.48821258544922
current epoch  437 , time  1.7844041138887405 , train loss  42.820106506347656 , valid loss:  46.49800109863281
current epoch  438 , time  1.7826765459030867 , train loss  42.82213592529297 , valid loss:  46.52040100097656
current epoch  439 , time  1.7927663910668343 , train loss  42.85398864746094 , valid loss:  46.50653076171875
current epoch  440 , time  1.7905308920890093 , train loss  42.810394287109375 , valid loss:  46.52048873901367
current epoch  441 , time  1.7857186920009553 , train loss  42.792152404785156 , valid loss:  46.518978118896484
current epoch  442 , time  1.7946461280807853 , train loss  42.816123962402344 , valid loss:  46.53787612915039
current epoch  443 , time  1.790810199920088 , train loss  42.787254333496094 , valid loss:  46.53355407714844
current epoch  444 , time  1.7876765630207956 , train loss  42.801918029785156 , valid loss:  46.55332565307617
current epoch  445 , time  1.7953915991820395 , train loss  42.786048889160156 , valid loss:  46.54829406738281
current epoch  446 , time  1.7885126459877938 , train loss  42.765357971191406 , valid loss:  46.58537292480469
current epoch  447 , time  1.7872599640395492 , train loss  42.765689849853516 , valid loss:  46.560455322265625
current epoch  448 , time  1.7881512050516903 , train loss  42.78425598144531 , valid loss:  46.59539794921875
current epoch  449 , time  1.780382600845769 , train loss  42.766502380371094 , valid loss:  46.570308685302734
current epoch  450 , time  1.7811205820180476 , train loss  42.73807907104492 , valid loss:  46.588504791259766
current epoch  451 , time  1.7857045519631356 , train loss  42.743011474609375 , valid loss:  46.57984924316406
current epoch  452 , time  1.7824887370225042 , train loss  42.70825958251953 , valid loss:  46.5860481262207
current epoch  453 , time  1.7905500831548125 , train loss  42.712005615234375 , valid loss:  46.61668014526367
current epoch  454 , time  1.8336430250201374 , train loss  42.731056213378906 , valid loss:  46.59282684326172
current epoch  455 , time  1.7849752709735185 , train loss  42.697410583496094 , valid loss:  46.62652587890625
current epoch  456 , time  1.7800838390830904 , train loss  42.665122985839844 , valid loss:  46.60426712036133
current epoch  457 , time  1.7789547780994326 , train loss  42.68425750732422 , valid loss:  46.633514404296875
current epoch  458 , time  1.7798545439727604 , train loss  42.65542984008789 , valid loss:  46.629310607910156
current epoch  459 , time  1.7819206721615046 , train loss  42.66664123535156 , valid loss:  46.623748779296875
current epoch  460 , time  1.7832387848757207 , train loss  42.640602111816406 , valid loss:  46.65350341796875
current epoch  461 , time  1.779354992089793 , train loss  42.636070251464844 , valid loss:  46.64221954345703
current epoch  462 , time  1.7812843171413988 , train loss  42.64879608154297 , valid loss:  46.66037368774414
current epoch  463 , time  1.7801648380700499 , train loss  42.631431579589844 , valid loss:  46.65598678588867
current epoch  464 , time  1.7812225979287177 , train loss  42.6209716796875 , valid loss:  46.67947769165039
current epoch  465 , time  1.782949262065813 , train loss  42.589385986328125 , valid loss:  46.68150329589844
current epoch  466 , time  1.7927888829726726 , train loss  42.58042907714844 , valid loss:  46.68836212158203
current epoch  467 , time  1.8005017859395593 , train loss  42.60261535644531 , valid loss:  46.69331359863281
current epoch  468 , time  1.7824106889311224 , train loss  42.5766716003418 , valid loss:  46.702850341796875
current epoch  469 , time  1.779894103994593 , train loss  42.573326110839844 , valid loss:  46.703956604003906
current epoch  470 , time  1.7871523718349636 , train loss  42.576087951660156 , valid loss:  46.72722625732422
current epoch  471 , time  1.7892344910651445 , train loss  42.547664642333984 , valid loss:  46.737491607666016
current epoch  472 , time  1.7903250409290195 , train loss  42.55211639404297 , valid loss:  46.76085662841797
current epoch  473 , time  1.7964673300739378 , train loss  42.59960174560547 , valid loss:  46.76990509033203
current epoch  474 , time  1.783628712873906 , train loss  42.56550979614258 , valid loss:  46.77692794799805
current epoch  475 , time  1.798217843985185 , train loss  42.57647705078125 , valid loss:  46.800514221191406
current epoch  476 , time  1.7926205219700933 , train loss  42.588924407958984 , valid loss:  46.75971221923828
current epoch  477 , time  1.7847460131160915 , train loss  42.54782485961914 , valid loss:  46.772483825683594
current epoch  478 , time  1.7949175739195198 , train loss  42.54261016845703 , valid loss:  46.757774353027344
current epoch  479 , time  1.7969150450080633 , train loss  42.51872253417969 , valid loss:  46.76814270019531
current epoch  480 , time  1.7792159370146692 , train loss  42.51642608642578 , valid loss:  46.79222106933594
current epoch  481 , time  1.7830422609113157 , train loss  42.526512145996094 , valid loss:  46.78569793701172
current epoch  482 , time  1.780384502839297 , train loss  42.50675964355469 , valid loss:  46.79744338989258
current epoch  483 , time  1.780989085091278 , train loss  42.47358322143555 , valid loss:  46.789310455322266
current epoch  484 , time  1.7770868728403002 , train loss  42.441070556640625 , valid loss:  46.81348419189453
current epoch  485 , time  1.780047588981688 , train loss  42.456424713134766 , valid loss:  46.807090759277344
current epoch  486 , time  1.7850299391429871 , train loss  42.46293640136719 , valid loss:  46.818870544433594
current epoch  487 , time  1.7794662478845567 , train loss  42.44124221801758 , valid loss:  46.82164001464844
current epoch  488 , time  1.7846983361523598 , train loss  42.417781829833984 , valid loss:  46.836971282958984
current epoch  489 , time  1.7833718929905444 , train loss  42.432701110839844 , valid loss:  46.83439636230469
current epoch  490 , time  1.7788000898435712 , train loss  42.435489654541016 , valid loss:  46.85469055175781
current epoch  491 , time  1.7790330059360713 , train loss  42.41786193847656 , valid loss:  46.84620666503906
current epoch  492 , time  1.7801208288874477 , train loss  42.426456451416016 , valid loss:  46.859127044677734
current epoch  493 , time  1.7807590439915657 , train loss  42.40591049194336 , valid loss:  46.861854553222656
current epoch  494 , time  1.77869454305619 , train loss  42.374820709228516 , valid loss:  46.884178161621094
current epoch  495 , time  1.7804141121450812 , train loss  42.41362762451172 , valid loss:  46.88044357299805
current epoch  496 , time  1.7809668050613254 , train loss  42.393463134765625 , valid loss:  46.891380310058594
current epoch  497 , time  1.7816217010840774 , train loss  42.34306335449219 , valid loss:  46.896881103515625
current epoch  498 , time  1.7779108551330864 , train loss  42.36455535888672 , valid loss:  46.91624069213867
current epoch  499 , time  1.793678394984454 , train loss  42.349220275878906 , valid loss:  46.905391693115234
