EL strainrate.shape[0]  50
EL train_index  [37 28 35 11 18  9 26 34 32 39 36 46 14 43 13 31 24 15  5 48 38  6 44  7
 27 49  1 17 25  8 42 21  3 23 30  2 29 33 47 22]
Information about the data:
Shape of strainrate_train    :  torch.Size([40, 450, 450, 1])
Shape of temperature_train   :  torch.Size([40, 450, 450, 1])
Shape of grainsize_train_a   :  torch.Size([40, 450, 450, 10])
Shape of grainsize_train_u   :  torch.Size([40, 450, 450, 40])
Shape of strainrate_valid    :  torch.Size([5, 450, 450, 1])
Shape of temperature_valid   :  torch.Size([5, 450, 450, 1])
Shape of grainsize_train_a   :  torch.Size([5, 450, 450, 10])
Shape of grainsize_valid_u   :  torch.Size([5, 450, 450, 40])
current epoch  0 , time  3.636727951001376 , train loss  287.358642578125 , valid loss:  283.8559875488281
current epoch  1 , time  1.5103346821852028 , train loss  284.0361022949219 , valid loss:  280.7901611328125
current epoch  2 , time  1.4456985560245812 , train loss  280.9100341796875 , valid loss:  277.88653564453125
current epoch  3 , time  1.4238641266711056 , train loss  277.96905517578125 , valid loss:  275.1932067871094
current epoch  4 , time  1.3978322688490152 , train loss  275.23553466796875 , valid loss:  272.66802978515625
current epoch  5 , time  1.386403086129576 , train loss  272.6825866699219 , valid loss:  270.276611328125
current epoch  6 , time  1.391716015059501 , train loss  270.27215576171875 , valid loss:  267.9884338378906
current epoch  7 , time  1.3777295337058604 , train loss  267.97857666015625 , valid loss:  265.778076171875
current epoch  8 , time  1.3808551970869303 , train loss  265.77008056640625 , valid loss:  263.6349182128906
current epoch  9 , time  1.3777360930107534 , train loss  263.62896728515625 , valid loss:  261.5491638183594
current epoch  10 , time  1.3877034457400441 , train loss  261.55078125 , valid loss:  259.5076904296875
current epoch  11 , time  1.3900578916072845 , train loss  259.517578125 , valid loss:  257.5002746582031
current epoch  12 , time  1.41505060903728 , train loss  257.5185852050781 , valid loss:  255.51828002929688
current epoch  13 , time  1.3863158621825278 , train loss  255.53805541992188 , valid loss:  253.55419921875
current epoch  14 , time  1.3849220713600516 , train loss  253.58201599121094 , valid loss:  251.60214233398438
current epoch  15 , time  1.3739682431332767 , train loss  251.62826538085938 , valid loss:  249.6549835205078
current epoch  16 , time  1.3954096068628132 , train loss  249.68043518066406 , valid loss:  247.70538330078125
current epoch  17 , time  1.4012950798496604 , train loss  247.7325439453125 , valid loss:  245.74928283691406
current epoch  18 , time  1.3888482302427292 , train loss  245.77432250976562 , valid loss:  243.78375244140625
current epoch  19 , time  1.392433115746826 , train loss  243.80355834960938 , valid loss:  241.80487060546875
current epoch  20 , time  1.3925953670404851 , train loss  241.82876586914062 , valid loss:  239.80987548828125
current epoch  21 , time  1.3892530128359795 , train loss  239.8294219970703 , valid loss:  237.79672241210938
current epoch  22 , time  1.4020050149410963 , train loss  237.81805419921875 , valid loss:  235.7644805908203
current epoch  23 , time  1.396947227884084 , train loss  235.78683471679688 , valid loss:  233.71347045898438
current epoch  24 , time  1.4174659471027553 , train loss  233.74087524414062 , valid loss:  231.6464385986328
current epoch  25 , time  1.4288045279681683 , train loss  231.67794799804688 , valid loss:  229.56527709960938
current epoch  26 , time  1.3701085937209427 , train loss  229.60035705566406 , valid loss:  227.47105407714844
current epoch  27 , time  1.3880277038551867 , train loss  227.51133728027344 , valid loss:  225.36520385742188
current epoch  28 , time  1.3828779668547213 , train loss  225.41250610351562 , valid loss:  223.2481231689453
current epoch  29 , time  1.4071271219290793 , train loss  223.300537109375 , valid loss:  221.11990356445312
current epoch  30 , time  1.417006412986666 , train loss  221.17855834960938 , valid loss:  218.9794158935547
current epoch  31 , time  1.4108527288772166 , train loss  219.0428924560547 , valid loss:  216.8264923095703
current epoch  32 , time  1.419169219210744 , train loss  216.89488220214844 , valid loss:  214.662841796875
current epoch  33 , time  1.416361479088664 , train loss  214.7354736328125 , valid loss:  212.4912872314453
current epoch  34 , time  1.4030352719128132 , train loss  212.567138671875 , valid loss:  210.31570434570312
current epoch  35 , time  1.3950538649223745 , train loss  210.39556884765625 , valid loss:  208.13803100585938
current epoch  36 , time  1.4040671600960195 , train loss  208.22103881835938 , valid loss:  205.96018981933594
current epoch  37 , time  1.368551233317703 , train loss  206.04473876953125 , valid loss:  203.78407287597656
current epoch  38 , time  1.3665061090141535 , train loss  203.867431640625 , valid loss:  201.6114959716797
current epoch  39 , time  1.3715704749338329 , train loss  201.69558715820312 , valid loss:  199.44381713867188
current epoch  40 , time  1.3785475548356771 , train loss  199.52993774414062 , valid loss:  197.2819366455078
current epoch  41 , time  1.3784594149328768 , train loss  197.36769104003906 , valid loss:  195.1270294189453
current epoch  42 , time  1.3686585240066051 , train loss  195.2147216796875 , valid loss:  192.98045349121094
current epoch  43 , time  1.375004889909178 , train loss  193.0672149658203 , valid loss:  190.8428192138672
current epoch  44 , time  1.3698943629860878 , train loss  190.93032836914062 , valid loss:  188.71456909179688
current epoch  45 , time  1.3877050313167274 , train loss  188.80078125 , valid loss:  186.59640502929688
current epoch  46 , time  1.3961727232672274 , train loss  186.683349609375 , valid loss:  184.48851013183594
current epoch  47 , time  1.408528741914779 , train loss  184.5753173828125 , valid loss:  182.39137268066406
current epoch  48 , time  1.3742694249376655 , train loss  182.47720336914062 , valid loss:  180.30520629882812
current epoch  49 , time  1.3766275709494948 , train loss  180.38963317871094 , valid loss:  178.23043823242188
current epoch  50 , time  1.3742728750221431 , train loss  178.31478881835938 , valid loss:  176.1676025390625
current epoch  51 , time  1.4034637860022485 , train loss  176.25265502929688 , valid loss:  174.11712646484375
current epoch  52 , time  1.3768544532358646 , train loss  174.2024383544922 , valid loss:  172.079345703125
current epoch  53 , time  1.3976028328761458 , train loss  172.16390991210938 , valid loss:  170.0550537109375
current epoch  54 , time  1.373708681203425 , train loss  170.14175415039062 , valid loss:  168.04466247558594
current epoch  55 , time  1.378276193048805 , train loss  168.13165283203125 , valid loss:  166.04776000976562
current epoch  56 , time  1.370393497403711 , train loss  166.13706970214844 , valid loss:  164.0637664794922
current epoch  57 , time  1.3921669120900333 , train loss  164.1541748046875 , valid loss:  162.09205627441406
current epoch  58 , time  1.3783171600662172 , train loss  162.18392944335938 , valid loss:  160.13194274902344
current epoch  59 , time  1.3862279462628067 , train loss  160.22581481933594 , valid loss:  158.18307495117188
current epoch  60 , time  1.38029297394678 , train loss  158.2771759033203 , valid loss:  156.24649047851562
current epoch  61 , time  1.5643337848596275 , train loss  156.34182739257812 , valid loss:  154.32289123535156
current epoch  62 , time  1.510182656813413 , train loss  154.41928100585938 , valid loss:  152.41232299804688
current epoch  63 , time  1.6251663318835199 , train loss  152.50982666015625 , valid loss:  150.51443481445312
current epoch  64 , time  1.5656572254374623 , train loss  150.61334228515625 , valid loss:  148.62921142578125
current epoch  65 , time  1.586783747188747 , train loss  148.72967529296875 , valid loss:  146.75682067871094
current epoch  66 , time  1.6006320770829916 , train loss  146.85946655273438 , valid loss:  144.89791870117188
current epoch  67 , time  1.5768617349676788 , train loss  145.00238037109375 , valid loss:  143.05332946777344
current epoch  68 , time  1.5824835752137005 , train loss  143.1604766845703 , valid loss:  141.22381591796875
current epoch  69 , time  1.599690420087427 , train loss  141.33319091796875 , valid loss:  139.41018676757812
current epoch  70 , time  1.5882236971519887 , train loss  139.52224731445312 , valid loss:  137.61294555664062
current epoch  71 , time  1.5689062280580401 , train loss  137.7270965576172 , valid loss:  135.832275390625
current epoch  72 , time  1.5885063293389976 , train loss  135.94825744628906 , valid loss:  134.06805419921875
current epoch  73 , time  1.5856566890142858 , train loss  134.18572998046875 , valid loss:  132.320068359375
current epoch  74 , time  1.568756917025894 , train loss  132.44012451171875 , valid loss:  130.5886993408203
current epoch  75 , time  1.558627765160054 , train loss  130.71031188964844 , valid loss:  128.8746795654297
current epoch  76 , time  1.5498318509198725 , train loss  128.99832153320312 , valid loss:  127.17852020263672
current epoch  77 , time  1.555447162128985 , train loss  127.3042221069336 , valid loss:  125.5006103515625
current epoch  78 , time  1.5541013507172465 , train loss  125.62833404541016 , valid loss:  123.84120178222656
current epoch  79 , time  1.5569581030867994 , train loss  123.970458984375 , valid loss:  122.20045471191406
current epoch  80 , time  1.5585894039832056 , train loss  122.3318862915039 , valid loss:  120.57849884033203
current epoch  81 , time  1.5599876940250397 , train loss  120.71173095703125 , valid loss:  118.97563171386719
current epoch  82 , time  1.56824451405555 , train loss  119.11060333251953 , valid loss:  117.39205932617188
current epoch  83 , time  1.5741110350936651 , train loss  117.52880859375 , valid loss:  115.82801818847656
current epoch  84 , time  1.5763851320371032 , train loss  115.96665954589844 , valid loss:  114.28347778320312
current epoch  85 , time  1.566891913767904 , train loss  114.42414093017578 , valid loss:  112.75879669189453
current epoch  86 , time  1.5642375838942826 , train loss  112.90233612060547 , valid loss:  111.25410461425781
current epoch  87 , time  1.5752463936805725 , train loss  111.40048217773438 , valid loss:  109.76960754394531
current epoch  88 , time  1.5788509002886713 , train loss  109.91879272460938 , valid loss:  108.30558776855469
current epoch  89 , time  1.5705057196319103 , train loss  108.45706176757812 , valid loss:  106.86210632324219
current epoch  90 , time  1.5661587482318282 , train loss  107.0169677734375 , valid loss:  105.43913269042969
current epoch  91 , time  1.5712870149873197 , train loss  105.596923828125 , valid loss:  104.03652954101562
current epoch  92 , time  1.570195507723838 , train loss  104.19566345214844 , valid loss:  102.65399932861328
current epoch  93 , time  1.57234393293038 , train loss  102.81549072265625 , valid loss:  101.29154205322266
current epoch  94 , time  1.5606759889051318 , train loss  101.4556884765625 , valid loss:  99.948974609375
current epoch  95 , time  1.5595799409784377 , train loss  100.11677551269531 , valid loss:  98.62651062011719
current epoch  96 , time  1.5649613002315164 , train loss  98.79620361328125 , valid loss:  97.32410430908203
current epoch  97 , time  1.5605707778595388 , train loss  97.49703979492188 , valid loss:  96.04193115234375
current epoch  98 , time  1.5674934387207031 , train loss  96.21707916259766 , valid loss:  94.7801742553711
current epoch  99 , time  1.5682782791554928 , train loss  94.95848083496094 , valid loss:  93.53901672363281
current epoch  100 , time  1.56085398606956 , train loss  93.71946716308594 , valid loss:  92.3184585571289
current epoch  101 , time  1.6046601505950093 , train loss  92.50141906738281 , valid loss:  91.11861419677734
current epoch  102 , time  1.6022838749922812 , train loss  91.3041763305664 , valid loss:  89.9394760131836
current epoch  103 , time  1.573938180692494 , train loss  90.12825012207031 , valid loss:  88.78108978271484
current epoch  104 , time  1.5784669020213187 , train loss  88.97320556640625 , valid loss:  87.64339447021484
current epoch  105 , time  1.5959183191880584 , train loss  87.83720397949219 , valid loss:  86.52642822265625
current epoch  106 , time  1.5823239209130406 , train loss  86.72249603271484 , valid loss:  85.43024444580078
current epoch  107 , time  1.5697247199714184 , train loss  85.6298828125 , valid loss:  84.35509490966797
current epoch  108 , time  1.5889034387655556 , train loss  84.5579833984375 , valid loss:  83.3010482788086
current epoch  109 , time  1.5836281701922417 , train loss  83.50714111328125 , valid loss:  82.26812744140625
current epoch  110 , time  1.555263435933739 , train loss  82.47590637207031 , valid loss:  81.25633239746094
current epoch  111 , time  1.5548408832401037 , train loss  81.4669418334961 , valid loss:  80.26554870605469
current epoch  112 , time  1.5525202360004187 , train loss  80.47789001464844 , valid loss:  79.29582977294922
current epoch  113 , time  1.5736062582582235 , train loss  79.51175689697266 , valid loss:  78.3470458984375
current epoch  114 , time  1.5636522867716849 , train loss  78.56536102294922 , valid loss:  77.41919708251953
current epoch  115 , time  1.578043129760772 , train loss  77.6414794921875 , valid loss:  76.51211547851562
current epoch  116 , time  1.5725905811414123 , train loss  76.73641967773438 , valid loss:  75.62577819824219
current epoch  117 , time  1.5619527050293982 , train loss  75.8504638671875 , valid loss:  74.75996398925781
current epoch  118 , time  1.5567682469263673 , train loss  74.98785400390625 , valid loss:  73.9143295288086
current epoch  119 , time  1.5647787442430854 , train loss  74.14769744873047 , valid loss:  73.08883666992188
current epoch  120 , time  1.5705998470075428 , train loss  73.32220458984375 , valid loss:  72.28337860107422
current epoch  121 , time  1.5732584758661687 , train loss  72.52144622802734 , valid loss:  71.49795532226562
current epoch  122 , time  1.5608158763498068 , train loss  71.74154663085938 , valid loss:  70.73236083984375
current epoch  123 , time  1.5692004258744419 , train loss  70.97728729248047 , valid loss:  69.98661804199219
current epoch  124 , time  1.5743594039231539 , train loss  70.23433685302734 , valid loss:  69.26042938232422
current epoch  125 , time  1.5613192096352577 , train loss  69.51579284667969 , valid loss:  68.55364990234375
current epoch  126 , time  1.5576598742045462 , train loss  68.80979919433594 , valid loss:  67.86557006835938
current epoch  127 , time  1.5665336269885302 , train loss  68.12396240234375 , valid loss:  67.19631958007812
current epoch  128 , time  1.5566321057267487 , train loss  67.46012878417969 , valid loss:  66.54639434814453
current epoch  129 , time  1.5720248869620264 , train loss  66.80901336669922 , valid loss:  65.91546630859375
current epoch  130 , time  1.5640816697850823 , train loss  66.1799545288086 , valid loss:  65.30281066894531
current epoch  131 , time  1.569833040703088 , train loss  65.56664276123047 , valid loss:  64.70845031738281
current epoch  132 , time  1.5765244187787175 , train loss  64.97700500488281 , valid loss:  64.13185119628906
current epoch  133 , time  1.5654267692007124 , train loss  64.40476989746094 , valid loss:  63.572227478027344
current epoch  134 , time  1.5711154099553823 , train loss  63.843727111816406 , valid loss:  63.028072357177734
current epoch  135 , time  1.5597892892546952 , train loss  63.30085754394531 , valid loss:  62.49940490722656
current epoch  136 , time  1.5602573021315038 , train loss  62.77375030517578 , valid loss:  61.98753356933594
current epoch  137 , time  1.5923906932584941 , train loss  62.26934051513672 , valid loss:  61.49320983886719
current epoch  138 , time  1.5784642328508198 , train loss  61.76970672607422 , valid loss:  61.01683807373047
current epoch  139 , time  1.5930685778148472 , train loss  61.29759979248047 , valid loss:  60.557777404785156
current epoch  140 , time  1.591042515821755 , train loss  60.829715728759766 , valid loss:  60.11439514160156
current epoch  141 , time  1.582105838228017 , train loss  60.39604949951172 , valid loss:  59.686363220214844
current epoch  142 , time  1.5786657719872892 , train loss  59.97235107421875 , valid loss:  59.27329635620117
current epoch  143 , time  1.5945005873218179 , train loss  59.55773162841797 , valid loss:  58.87468719482422
current epoch  144 , time  1.5881420210935175 , train loss  59.16522216796875 , valid loss:  58.49052429199219
current epoch  145 , time  1.5726284990087152 , train loss  58.7750129699707 , valid loss:  58.12015151977539
current epoch  146 , time  1.5568513651378453 , train loss  58.40803909301758 , valid loss:  57.76219177246094
current epoch  147 , time  1.5585040766745806 , train loss  58.048118591308594 , valid loss:  57.41699981689453
current epoch  148 , time  1.577125672250986 , train loss  57.7020263671875 , valid loss:  57.084896087646484
current epoch  149 , time  1.573612596374005 , train loss  57.365631103515625 , valid loss:  56.76564407348633
current epoch  150 , time  1.5607307339087129 , train loss  57.059906005859375 , valid loss:  56.46027374267578
current epoch  151 , time  1.5583386267535388 , train loss  56.74333953857422 , valid loss:  56.167633056640625
current epoch  152 , time  1.568631490226835 , train loss  56.4607048034668 , valid loss:  55.888580322265625
current epoch  153 , time  1.5653217360377312 , train loss  56.185699462890625 , valid loss:  55.621925354003906
current epoch  154 , time  1.564890154171735 , train loss  55.91212463378906 , valid loss:  55.36688995361328
current epoch  155 , time  1.575142947025597 , train loss  55.6529426574707 , valid loss:  55.123695373535156
current epoch  156 , time  1.5664205942302942 , train loss  55.42241287231445 , valid loss:  54.89183044433594
current epoch  157 , time  1.5805132673121989 , train loss  55.180667877197266 , valid loss:  54.669456481933594
current epoch  158 , time  1.559366812929511 , train loss  54.9637336730957 , valid loss:  54.45624542236328
current epoch  159 , time  1.564720572438091 , train loss  54.745018005371094 , valid loss:  54.25252914428711
current epoch  160 , time  1.5673677609302104 , train loss  54.54005432128906 , valid loss:  54.05766677856445
current epoch  161 , time  1.5607353341765702 , train loss  54.34628677368164 , valid loss:  53.87117004394531
current epoch  162 , time  1.566730816848576 , train loss  54.1474494934082 , valid loss:  53.691707611083984
current epoch  163 , time  1.5574018093757331 , train loss  53.96849822998047 , valid loss:  53.5202751159668
current epoch  164 , time  1.5728326411917806 , train loss  53.796485900878906 , valid loss:  53.35581970214844
current epoch  165 , time  1.5523826531134546 , train loss  53.631370544433594 , valid loss:  53.198326110839844
current epoch  166 , time  1.5521226511336863 , train loss  53.48345947265625 , valid loss:  53.04738235473633
current epoch  167 , time  1.5615395200438797 , train loss  53.31624984741211 , valid loss:  52.90211486816406
current epoch  168 , time  1.5596509757451713 , train loss  53.1744270324707 , valid loss:  52.76403045654297
current epoch  169 , time  1.5545525490306318 , train loss  53.026649475097656 , valid loss:  52.63067626953125
current epoch  170 , time  1.5522322510369122 , train loss  52.90409851074219 , valid loss:  52.50376510620117
current epoch  171 , time  1.5619438318535686 , train loss  52.763031005859375 , valid loss:  52.38212203979492
current epoch  172 , time  1.550092216115445 , train loss  52.659996032714844 , valid loss:  52.265403747558594
current epoch  173 , time  1.562314654700458 , train loss  52.522987365722656 , valid loss:  52.15385437011719
current epoch  174 , time  1.556027239188552 , train loss  52.40885925292969 , valid loss:  52.045902252197266
current epoch  175 , time  1.5912302043288946 , train loss  52.299583435058594 , valid loss:  51.94269943237305
current epoch  176 , time  1.5658564898185432 , train loss  52.198638916015625 , valid loss:  51.84349822998047
current epoch  177 , time  1.5725935893133283 , train loss  52.09657669067383 , valid loss:  51.74797821044922
current epoch  178 , time  1.5590419708751142 , train loss  51.98872375488281 , valid loss:  51.65702819824219
current epoch  179 , time  1.5695318169891834 , train loss  51.89680480957031 , valid loss:  51.5680046081543
current epoch  180 , time  1.5609825253486633 , train loss  51.81464767456055 , valid loss:  51.48332214355469
current epoch  181 , time  1.5955991931259632 , train loss  51.72695541381836 , valid loss:  51.4011116027832
current epoch  182 , time  1.5716632460244 , train loss  51.637203216552734 , valid loss:  51.32386779785156
current epoch  183 , time  1.6061090580187738 , train loss  51.55720138549805 , valid loss:  51.247947692871094
current epoch  184 , time  1.5669921627268195 , train loss  51.47587585449219 , valid loss:  51.17550277709961
current epoch  185 , time  1.6027014241553843 , train loss  51.400062561035156 , valid loss:  51.10647201538086
current epoch  186 , time  1.6004363568499684 , train loss  51.336246490478516 , valid loss:  51.039276123046875
current epoch  187 , time  1.5778474221006036 , train loss  51.25775909423828 , valid loss:  50.97615051269531
current epoch  188 , time  1.5940466499887407 , train loss  51.195579528808594 , valid loss:  50.912879943847656
current epoch  189 , time  1.5769530748948455 , train loss  51.11908721923828 , valid loss:  50.85438537597656
current epoch  190 , time  1.5920740151777864 , train loss  51.06505584716797 , valid loss:  50.79541778564453
current epoch  191 , time  1.5782033139839768 , train loss  50.99980545043945 , valid loss:  50.74263381958008
current epoch  192 , time  1.5691052777692676 , train loss  50.93829345703125 , valid loss:  50.687103271484375
current epoch  193 , time  1.567095432896167 , train loss  50.8834342956543 , valid loss:  50.6398811340332
current epoch  194 , time  1.561005458701402 , train loss  50.8267822265625 , valid loss:  50.587249755859375
current epoch  195 , time  1.575486185029149 , train loss  50.772865295410156 , valid loss:  50.543182373046875
current epoch  196 , time  1.5584434401243925 , train loss  50.7269287109375 , valid loss:  50.49396514892578
current epoch  197 , time  1.569345308933407 , train loss  50.674861907958984 , valid loss:  50.44947052001953
current epoch  198 , time  1.5478676529601216 , train loss  50.62879180908203 , valid loss:  50.407859802246094
current epoch  199 , time  1.5608296878635883 , train loss  50.58007049560547 , valid loss:  50.364994049072266
current epoch  200 , time  1.5677914582192898 , train loss  50.53694534301758 , valid loss:  50.32656478881836
current epoch  201 , time  1.5642426726408303 , train loss  50.48779296875 , valid loss:  50.28363037109375
current epoch  202 , time  1.5524720861576498 , train loss  50.454856872558594 , valid loss:  50.24894714355469
current epoch  203 , time  1.5604071947745979 , train loss  50.41008758544922 , valid loss:  50.20989990234375
current epoch  204 , time  1.568268942181021 , train loss  50.356597900390625 , valid loss:  50.17350769042969
current epoch  205 , time  1.5611693309620023 , train loss  50.32600784301758 , valid loss:  50.140403747558594
current epoch  206 , time  1.5550362849608064 , train loss  50.27898406982422 , valid loss:  50.10405731201172
current epoch  207 , time  1.558582051191479 , train loss  50.248531341552734 , valid loss:  50.07366180419922
current epoch  208 , time  1.5677414275705814 , train loss  50.20135498046875 , valid loss:  50.03795623779297
current epoch  209 , time  1.5563058648258448 , train loss  50.1702766418457 , valid loss:  50.00786590576172
current epoch  210 , time  1.552812468726188 , train loss  50.13098907470703 , valid loss:  49.976234436035156
current epoch  211 , time  1.562228447292 , train loss  50.08757400512695 , valid loss:  49.94670104980469
current epoch  212 , time  1.5729944030754268 , train loss  50.062320709228516 , valid loss:  49.91864776611328
current epoch  213 , time  1.5665957611054182 , train loss  50.039817810058594 , valid loss:  49.88959884643555
current epoch  214 , time  1.5502154529094696 , train loss  50.000003814697266 , valid loss:  49.86319351196289
current epoch  215 , time  1.571305776014924 , train loss  49.96200180053711 , valid loss:  49.83741760253906
current epoch  216 , time  1.5609390609897673 , train loss  49.93851089477539 , valid loss:  49.809417724609375
current epoch  217 , time  1.5671019949950278 , train loss  49.89325714111328 , valid loss:  49.78629684448242
current epoch  218 , time  1.5561887668445706 , train loss  49.89106369018555 , valid loss:  49.75953674316406
current epoch  219 , time  1.5576832573860884 , train loss  49.857093811035156 , valid loss:  49.73674774169922
current epoch  220 , time  1.5821350538171828 , train loss  49.81986999511719 , valid loss:  49.714141845703125
current epoch  221 , time  1.5629385360516608 , train loss  49.78984451293945 , valid loss:  49.69304275512695
current epoch  222 , time  1.5733806039206684 , train loss  49.77115249633789 , valid loss:  49.674354553222656
current epoch  223 , time  1.5729603641666472 , train loss  49.74365997314453 , valid loss:  49.65439987182617
current epoch  224 , time  1.5649405270814896 , train loss  49.72267532348633 , valid loss:  49.636009216308594
current epoch  225 , time  1.579257810022682 , train loss  49.69817352294922 , valid loss:  49.61826705932617
current epoch  226 , time  1.5941704278811812 , train loss  49.677494049072266 , valid loss:  49.600467681884766
current epoch  227 , time  1.6151453698985279 , train loss  49.65830612182617 , valid loss:  49.58485412597656
current epoch  228 , time  1.5655555911362171 , train loss  49.62746047973633 , valid loss:  49.567909240722656
current epoch  229 , time  1.5965943257324398 , train loss  49.61369705200195 , valid loss:  49.555824279785156
current epoch  230 , time  1.5900071682408452 , train loss  49.58545684814453 , valid loss:  49.53914260864258
current epoch  231 , time  1.5834396099671721 , train loss  49.57073974609375 , valid loss:  49.52660369873047
current epoch  232 , time  1.5930827101692557 , train loss  49.55820846557617 , valid loss:  49.51198196411133
current epoch  233 , time  1.570795458741486 , train loss  49.531829833984375 , valid loss:  49.49913024902344
current epoch  234 , time  1.5850452221930027 , train loss  49.5216064453125 , valid loss:  49.48640441894531
current epoch  235 , time  1.569413939025253 , train loss  49.49039077758789 , valid loss:  49.472869873046875
current epoch  236 , time  1.5582997491583228 , train loss  49.487945556640625 , valid loss:  49.46387481689453
current epoch  237 , time  1.5603757337667048 , train loss  49.48088073730469 , valid loss:  49.44968032836914
current epoch  238 , time  1.5577970338054001 , train loss  49.45235061645508 , valid loss:  49.445167541503906
current epoch  239 , time  1.5642665410414338 , train loss  49.438716888427734 , valid loss:  49.42918014526367
current epoch  240 , time  1.5550410049036145 , train loss  49.42732238769531 , valid loss:  49.42674255371094
current epoch  241 , time  1.5583611587062478 , train loss  49.406005859375 , valid loss:  49.41209030151367
current epoch  242 , time  1.5654940698295832 , train loss  49.39868927001953 , valid loss:  49.40650939941406
current epoch  243 , time  1.5643187817186117 , train loss  49.37854766845703 , valid loss:  49.393104553222656
current epoch  244 , time  1.5499043567106128 , train loss  49.36228942871094 , valid loss:  49.38469314575195
current epoch  245 , time  1.5588108217343688 , train loss  49.363853454589844 , valid loss:  49.37776565551758
current epoch  246 , time  1.5514390589669347 , train loss  49.332481384277344 , valid loss:  49.36518859863281
current epoch  247 , time  1.5612441091798246 , train loss  49.324134826660156 , valid loss:  49.363243103027344
current epoch  248 , time  1.570021622814238 , train loss  49.319278717041016 , valid loss:  49.34733200073242
current epoch  249 , time  1.5750214490108192 , train loss  49.30332565307617 , valid loss:  49.34172821044922
current epoch  250 , time  1.569053755607456 , train loss  49.28730773925781 , valid loss:  49.335784912109375
current epoch  251 , time  1.5584667986258864 , train loss  49.26294708251953 , valid loss:  49.327247619628906
current epoch  252 , time  1.5517053501680493 , train loss  49.25880813598633 , valid loss:  49.32344055175781
current epoch  253 , time  1.5595843875780702 , train loss  49.25334167480469 , valid loss:  49.31376647949219
current epoch  254 , time  1.5598245598375797 , train loss  49.234519958496094 , valid loss:  49.30994415283203
current epoch  255 , time  1.562960292212665 , train loss  49.21039581298828 , valid loss:  49.30287170410156
current epoch  256 , time  1.5606582053005695 , train loss  49.20745086669922 , valid loss:  49.29877471923828
current epoch  257 , time  1.5616955431178212 , train loss  49.19719314575195 , valid loss:  49.295501708984375
current epoch  258 , time  1.5761823076754808 , train loss  49.200462341308594 , valid loss:  49.289031982421875
current epoch  259 , time  1.5730123650282621 , train loss  49.183448791503906 , valid loss:  49.28359603881836
current epoch  260 , time  1.558266127947718 , train loss  49.17660140991211 , valid loss:  49.278594970703125
current epoch  261 , time  1.5622692368924618 , train loss  49.150177001953125 , valid loss:  49.271629333496094
current epoch  262 , time  1.5688945148140192 , train loss  49.15403747558594 , valid loss:  49.26708984375
current epoch  263 , time  1.578451280016452 , train loss  49.132080078125 , valid loss:  49.25601577758789
current epoch  264 , time  1.568143678829074 , train loss  49.12188720703125 , valid loss:  49.24943923950195
current epoch  265 , time  1.5733312657102942 , train loss  49.11284637451172 , valid loss:  49.2503547668457
current epoch  266 , time  1.5726631321012974 , train loss  49.10562515258789 , valid loss:  49.24315643310547
current epoch  267 , time  1.6090085753239691 , train loss  49.08623504638672 , valid loss:  49.241554260253906
current epoch  268 , time  1.572739171795547 , train loss  49.092315673828125 , valid loss:  49.234535217285156
current epoch  269 , time  1.6007372750900686 , train loss  49.08464813232422 , valid loss:  49.228904724121094
current epoch  270 , time  1.5858761980198324 , train loss  49.06272506713867 , valid loss:  49.227378845214844
current epoch  271 , time  1.5802138559520245 , train loss  49.04552459716797 , valid loss:  49.21824645996094
current epoch  272 , time  1.6002213917672634 , train loss  49.046424865722656 , valid loss:  49.218505859375
current epoch  273 , time  1.580021804664284 , train loss  49.03505325317383 , valid loss:  49.21158981323242
current epoch  274 , time  1.582220561336726 , train loss  49.02967834472656 , valid loss:  49.209938049316406
current epoch  275 , time  1.5888243489898741 , train loss  49.01190948486328 , valid loss:  49.20654296875
current epoch  276 , time  1.5625521382316947 , train loss  49.008155822753906 , valid loss:  49.201515197753906
current epoch  277 , time  1.590839902870357 , train loss  48.99513244628906 , valid loss:  49.20032501220703
current epoch  278 , time  1.5324109378270805 , train loss  49.00754165649414 , valid loss:  49.194053649902344
current epoch  279 , time  1.4518650937825441 , train loss  48.974822998046875 , valid loss:  49.19287109375
current epoch  280 , time  1.4772092066705227 , train loss  48.979888916015625 , valid loss:  49.18867492675781
current epoch  281 , time  1.4729042169637978 , train loss  48.956382751464844 , valid loss:  49.1856689453125
current epoch  282 , time  1.4438502346165478 , train loss  48.94493865966797 , valid loss:  49.18113327026367
current epoch  283 , time  1.4583842209540308 , train loss  48.93714141845703 , valid loss:  49.18046569824219
current epoch  284 , time  1.4587562140077353 , train loss  48.92842483520508 , valid loss:  49.17552185058594
current epoch  285 , time  1.4635756686329842 , train loss  48.91093826293945 , valid loss:  49.17509841918945
current epoch  286 , time  1.464041461236775 , train loss  48.906333923339844 , valid loss:  49.16993713378906
current epoch  287 , time  1.4785375581122935 , train loss  48.89698028564453 , valid loss:  49.169918060302734
current epoch  288 , time  1.4562007351778448 , train loss  48.90060043334961 , valid loss:  49.16542434692383
current epoch  289 , time  1.4492192040197551 , train loss  48.890628814697266 , valid loss:  49.169219970703125
current epoch  290 , time  1.460316185373813 , train loss  48.8783073425293 , valid loss:  49.16387939453125
current epoch  291 , time  1.4655059431679547 , train loss  48.88547134399414 , valid loss:  49.17211151123047
current epoch  292 , time  1.4453629259951413 , train loss  48.86846160888672 , valid loss:  49.169944763183594
current epoch  293 , time  1.4632190759293735 , train loss  48.86162567138672 , valid loss:  49.17875289916992
current epoch  294 , time  1.4568306589499116 , train loss  48.86323165893555 , valid loss:  49.17578125
current epoch  295 , time  1.4737690729089081 , train loss  48.868247985839844 , valid loss:  49.16157150268555
current epoch  296 , time  1.4595817290246487 , train loss  48.84380340576172 , valid loss:  49.155723571777344
current epoch  297 , time  1.4859828110784292 , train loss  48.83073425292969 , valid loss:  49.14591979980469
current epoch  298 , time  1.4507320360280573 , train loss  48.82865524291992 , valid loss:  49.158294677734375
current epoch  299 , time  1.4663396780379117 , train loss  48.82301330566406 , valid loss:  49.14921569824219
current epoch  300 , time  1.4644948150962591 , train loss  48.81405258178711 , valid loss:  49.13951110839844
current epoch  301 , time  1.4575477950274944 , train loss  48.80380630493164 , valid loss:  49.14539337158203
current epoch  302 , time  1.4624051302671432 , train loss  48.793880462646484 , valid loss:  49.13728713989258
current epoch  303 , time  1.4723220020532608 , train loss  48.79002380371094 , valid loss:  49.1426887512207
current epoch  304 , time  1.4638181398622692 , train loss  48.785743713378906 , valid loss:  49.13579559326172
current epoch  305 , time  1.4722969820722938 , train loss  48.7711296081543 , valid loss:  49.13115310668945
current epoch  306 , time  1.4513537702150643 , train loss  48.76817321777344 , valid loss:  49.1409912109375
current epoch  307 , time  1.4934368156827986 , train loss  48.760684967041016 , valid loss:  49.12969207763672
current epoch  308 , time  1.4596582292579114 , train loss  48.749534606933594 , valid loss:  49.130859375
current epoch  309 , time  1.460084212012589 , train loss  48.74715805053711 , valid loss:  49.131004333496094
current epoch  310 , time  1.4575843131169677 , train loss  48.73760986328125 , valid loss:  49.126258850097656
current epoch  311 , time  1.4614119841717184 , train loss  48.72600173950195 , valid loss:  49.13172912597656
current epoch  312 , time  1.4602606538683176 , train loss  48.7242317199707 , valid loss:  49.123680114746094
current epoch  313 , time  1.4899227488785982 , train loss  48.71817398071289 , valid loss:  49.12458038330078
current epoch  314 , time  1.4559995420277119 , train loss  48.708473205566406 , valid loss:  49.12868881225586
current epoch  315 , time  1.4766115513630211 , train loss  48.69872283935547 , valid loss:  49.122074127197266
current epoch  316 , time  1.4740184540860355 , train loss  48.69049835205078 , valid loss:  49.12559509277344
current epoch  317 , time  1.469777103047818 , train loss  48.698631286621094 , valid loss:  49.12363815307617
current epoch  318 , time  1.4918220019899309 , train loss  48.673553466796875 , valid loss:  49.122291564941406
current epoch  319 , time  1.460148842073977 , train loss  48.67760467529297 , valid loss:  49.12477111816406
current epoch  320 , time  1.4767256430350244 , train loss  48.677330017089844 , valid loss:  49.120323181152344
current epoch  321 , time  1.453720845747739 , train loss  48.65842819213867 , valid loss:  49.12286376953125
current epoch  322 , time  1.4827931658364832 , train loss  48.65643310546875 , valid loss:  49.121925354003906
current epoch  323 , time  1.4618666949681938 , train loss  48.64887237548828 , valid loss:  49.118919372558594
current epoch  324 , time  1.460969657637179 , train loss  48.62471008300781 , valid loss:  49.12255096435547
current epoch  325 , time  1.468116001226008 , train loss  48.64540100097656 , valid loss:  49.11967086791992
current epoch  326 , time  1.4545325608924031 , train loss  48.64414978027344 , valid loss:  49.12202453613281
current epoch  327 , time  1.4512979886494577 , train loss  48.62556076049805 , valid loss:  49.1203498840332
current epoch  328 , time  1.4586670421995223 , train loss  48.60514831542969 , valid loss:  49.120609283447266
current epoch  329 , time  1.4565389668568969 , train loss  48.60968017578125 , valid loss:  49.12319564819336
current epoch  330 , time  1.4500585496425629 , train loss  48.60939025878906 , valid loss:  49.120750427246094
current epoch  331 , time  1.4690187270753086 , train loss  48.584938049316406 , valid loss:  49.123321533203125
current epoch  332 , time  1.4602722730487585 , train loss  48.579830169677734 , valid loss:  49.119102478027344
current epoch  333 , time  1.4633186156861484 , train loss  48.577476501464844 , valid loss:  49.12210464477539
current epoch  334 , time  1.459320236928761 , train loss  48.59174346923828 , valid loss:  49.12100601196289
current epoch  335 , time  1.4573855521157384 , train loss  48.58021545410156 , valid loss:  49.1259765625
current epoch  336 , time  1.451569281052798 , train loss  48.569400787353516 , valid loss:  49.130287170410156
current epoch  337 , time  1.4642292819917202 , train loss  48.56362533569336 , valid loss:  49.15409851074219
current epoch  338 , time  1.4633207749575377 , train loss  48.58513641357422 , valid loss:  49.173545837402344
current epoch  339 , time  1.6793826431967318 , train loss  48.61110305786133 , valid loss:  49.20889663696289
current epoch  340 , time  1.6376478099264205 , train loss  48.62510299682617 , valid loss:  49.15650177001953
current epoch  341 , time  1.651931753847748 , train loss  48.585044860839844 , valid loss:  49.12879943847656
current epoch  342 , time  1.6175099951215088 , train loss  48.533058166503906 , valid loss:  49.142269134521484
current epoch  343 , time  1.6089248722419143 , train loss  48.555641174316406 , valid loss:  49.15448760986328
current epoch  344 , time  1.6157131106592715 , train loss  48.556243896484375 , valid loss:  49.13885498046875
current epoch  345 , time  1.604016496334225 , train loss  48.5350227355957 , valid loss:  49.11978530883789
current epoch  346 , time  1.600334459450096 , train loss  48.51423645019531 , valid loss:  49.140357971191406
current epoch  347 , time  1.6398626258596778 , train loss  48.52760314941406 , valid loss:  49.140663146972656
current epoch  348 , time  1.6129809012636542 , train loss  48.512611389160156 , valid loss:  49.117767333984375
current epoch  349 , time  1.6154480590485036 , train loss  48.501808166503906 , valid loss:  49.13035583496094
current epoch  350 , time  1.6402502371929586 , train loss  48.50800704956055 , valid loss:  49.136268615722656
current epoch  351 , time  1.6310363090597093 , train loss  48.48918533325195 , valid loss:  49.11860275268555
current epoch  352 , time  1.6017390051856637 , train loss  48.48017883300781 , valid loss:  49.12701416015625
current epoch  353 , time  1.6142185358330607 , train loss  48.476097106933594 , valid loss:  49.13375473022461
current epoch  354 , time  1.5991115663200617 , train loss  48.490203857421875 , valid loss:  49.12007141113281
current epoch  355 , time  1.6418313183821738 , train loss  48.44472885131836 , valid loss:  49.12554931640625
current epoch  356 , time  1.6283244797959924 , train loss  48.45391082763672 , valid loss:  49.13417053222656
current epoch  357 , time  1.6419803886674345 , train loss  48.458152770996094 , valid loss:  49.12359619140625
current epoch  358 , time  1.6373178060166538 , train loss  48.43940353393555 , valid loss:  49.1264533996582
current epoch  359 , time  1.6407131599262357 , train loss  48.451820373535156 , valid loss:  49.13695526123047
current epoch  360 , time  1.5994794582948089 , train loss  48.45072937011719 , valid loss:  49.128055572509766
current epoch  361 , time  1.6300452616997063 , train loss  48.429901123046875 , valid loss:  49.127864837646484
current epoch  362 , time  1.6402865671552718 , train loss  48.423248291015625 , valid loss:  49.13595962524414
current epoch  363 , time  1.6298329499550164 , train loss  48.41859436035156 , valid loss:  49.13043975830078
current epoch  364 , time  1.6202621408738196 , train loss  48.41459655761719 , valid loss:  49.130104064941406
current epoch  365 , time  1.5994015978649259 , train loss  48.402217864990234 , valid loss:  49.136253356933594
current epoch  366 , time  1.6014930931851268 , train loss  48.39150619506836 , valid loss:  49.13574981689453
current epoch  367 , time  1.5984867908991873 , train loss  48.393951416015625 , valid loss:  49.133201599121094
current epoch  368 , time  1.608750466722995 , train loss  48.38482666015625 , valid loss:  49.13653564453125
current epoch  369 , time  1.6100555672310293 , train loss  48.3873291015625 , valid loss:  49.13800811767578
current epoch  370 , time  1.6071376651525497 , train loss  48.37039566040039 , valid loss:  49.13737106323242
current epoch  371 , time  1.6012728023342788 , train loss  48.378414154052734 , valid loss:  49.13955307006836
current epoch  372 , time  1.607535027898848 , train loss  48.36367416381836 , valid loss:  49.13914489746094
current epoch  373 , time  1.6246474226936698 , train loss  48.36209487915039 , valid loss:  49.14179992675781
current epoch  374 , time  1.6217272048816085 , train loss  48.343971252441406 , valid loss:  49.14344787597656
current epoch  375 , time  1.62220793729648 , train loss  48.36111831665039 , valid loss:  49.13987731933594
current epoch  376 , time  1.6571904229931533 , train loss  48.33653259277344 , valid loss:  49.14396286010742
current epoch  377 , time  1.6178439860232174 , train loss  48.33840560913086 , valid loss:  49.14591979980469
current epoch  378 , time  1.5984449149109423 , train loss  48.332977294921875 , valid loss:  49.14401626586914
current epoch  379 , time  1.6073736296966672 , train loss  48.333473205566406 , valid loss:  49.14638137817383
current epoch  380 , time  1.593414797913283 , train loss  48.3173713684082 , valid loss:  49.147117614746094
current epoch  381 , time  1.6026836060918868 , train loss  48.31806945800781 , valid loss:  49.14824676513672
current epoch  382 , time  1.611685091163963 , train loss  48.30167770385742 , valid loss:  49.151458740234375
current epoch  383 , time  1.5956609952263534 , train loss  48.300537109375 , valid loss:  49.15372848510742
current epoch  384 , time  1.6016837479546666 , train loss  48.291908264160156 , valid loss:  49.15656280517578
current epoch  385 , time  1.6060688700526953 , train loss  48.297691345214844 , valid loss:  49.16736602783203
current epoch  386 , time  1.6013088752515614 , train loss  48.30849075317383 , valid loss:  49.177223205566406
current epoch  387 , time  1.6046031601727009 , train loss  48.29560852050781 , valid loss:  49.188819885253906
current epoch  388 , time  1.5949692889116704 , train loss  48.307098388671875 , valid loss:  49.19710922241211
current epoch  389 , time  1.6090627340599895 , train loss  48.30878448486328 , valid loss:  49.185523986816406
current epoch  390 , time  1.6019201171584427 , train loss  48.298606872558594 , valid loss:  49.16316223144531
current epoch  391 , time  1.598605012986809 , train loss  48.26689910888672 , valid loss:  49.15165328979492
current epoch  392 , time  1.6043304838240147 , train loss  48.25275802612305 , valid loss:  49.16246795654297
current epoch  393 , time  1.6148071209900081 , train loss  48.2617073059082 , valid loss:  49.180389404296875
current epoch  394 , time  1.6235729241743684 , train loss  48.26078796386719 , valid loss:  49.173179626464844
current epoch  395 , time  1.6022295486181974 , train loss  48.25202178955078 , valid loss:  49.16056442260742
current epoch  396 , time  1.6302927527576685 , train loss  48.235145568847656 , valid loss:  49.155235290527344
current epoch  397 , time  1.625143154989928 , train loss  48.22935104370117 , valid loss:  49.16287612915039
current epoch  398 , time  1.6529158880002797 , train loss  48.222198486328125 , valid loss:  49.17215347290039
current epoch  399 , time  1.6163189318031073 , train loss  48.22529602050781 , valid loss:  49.16988754272461
current epoch  400 , time  1.640362675767392 , train loss  48.230220794677734 , valid loss:  49.162620544433594
current epoch  401 , time  1.6270995596423745 , train loss  48.21070861816406 , valid loss:  49.16608428955078
current epoch  402 , time  1.6387401851825416 , train loss  48.20489501953125 , valid loss:  49.17393493652344
current epoch  403 , time  1.6571653289720416 , train loss  48.21847915649414 , valid loss:  49.17250061035156
current epoch  404 , time  1.6140360850840807 , train loss  48.18178176879883 , valid loss:  49.17333221435547
current epoch  405 , time  1.6564560839906335 , train loss  48.19639587402344 , valid loss:  49.17298126220703
current epoch  406 , time  1.6142783467657864 , train loss  48.174644470214844 , valid loss:  49.169803619384766
current epoch  407 , time  1.625846041366458 , train loss  48.182830810546875 , valid loss:  49.18250274658203
current epoch  408 , time  1.613558431621641 , train loss  48.177215576171875 , valid loss:  49.1752815246582
current epoch  409 , time  1.6125320340506732 , train loss  48.165809631347656 , valid loss:  49.18781280517578
current epoch  410 , time  1.6030920050106943 , train loss  48.16300964355469 , valid loss:  49.17737579345703
current epoch  411 , time  1.6170018669217825 , train loss  48.15591049194336 , valid loss:  49.19217300415039
current epoch  412 , time  1.6152769140899181 , train loss  48.140499114990234 , valid loss:  49.18732452392578
current epoch  413 , time  1.605358012020588 , train loss  48.15736389160156 , valid loss:  49.20296859741211
current epoch  414 , time  1.5925081982277334 , train loss  48.17002868652344 , valid loss:  49.193115234375
current epoch  415 , time  1.5951763978227973 , train loss  48.13694763183594 , valid loss:  49.21109390258789
current epoch  416 , time  1.6049395790323615 , train loss  48.14606475830078 , valid loss:  49.19942855834961
current epoch  417 , time  1.6041265320964158 , train loss  48.14110565185547 , valid loss:  49.21656799316406
current epoch  418 , time  1.6030647959560156 , train loss  48.1278076171875 , valid loss:  49.199886322021484
current epoch  419 , time  1.5953427888453007 , train loss  48.128631591796875 , valid loss:  49.20937728881836
current epoch  420 , time  1.6123253321275115 , train loss  48.11247634887695 , valid loss:  49.19340896606445
current epoch  421 , time  1.5987596241757274 , train loss  48.10456085205078 , valid loss:  49.20797348022461
current epoch  422 , time  1.5990749862976372 , train loss  48.10481643676758 , valid loss:  49.20417022705078
current epoch  423 , time  1.599342558067292 , train loss  48.08977508544922 , valid loss:  49.21234130859375
current epoch  424 , time  1.608863937202841 , train loss  48.09794616699219 , valid loss:  49.21455383300781
current epoch  425 , time  1.5914690606296062 , train loss  48.08860778808594 , valid loss:  49.21513366699219
current epoch  426 , time  1.604045971762389 , train loss  48.09040069580078 , valid loss:  49.222320556640625
current epoch  427 , time  1.5943836821243167 , train loss  48.08598709106445 , valid loss:  49.22727584838867
current epoch  428 , time  1.6038292711600661 , train loss  48.07627868652344 , valid loss:  49.23003387451172
current epoch  429 , time  1.5950751057825983 , train loss  48.08350372314453 , valid loss:  49.25156784057617
current epoch  430 , time  1.5969820469617844 , train loss  48.09100341796875 , valid loss:  49.2306022644043
current epoch  431 , time  1.6154570109210908 , train loss  48.081851959228516 , valid loss:  49.26579284667969
current epoch  432 , time  1.6013953480869532 , train loss  48.0694694519043 , valid loss:  49.23149108886719
current epoch  433 , time  1.604179488029331 , train loss  48.062713623046875 , valid loss:  49.254188537597656
current epoch  434 , time  1.6456691706553102 , train loss  48.05799102783203 , valid loss:  49.223548889160156
current epoch  435 , time  1.599537794943899 , train loss  48.032379150390625 , valid loss:  49.2182731628418
current epoch  436 , time  1.6284844251349568 , train loss  48.022010803222656 , valid loss:  49.23466110229492
current epoch  437 , time  1.620284796692431 , train loss  48.018951416015625 , valid loss:  49.229766845703125
current epoch  438 , time  1.622123409062624 , train loss  48.030242919921875 , valid loss:  49.25434875488281
current epoch  439 , time  1.5975404907949269 , train loss  48.017311096191406 , valid loss:  49.23594284057617
current epoch  440 , time  1.6080733872950077 , train loss  48.021263122558594 , valid loss:  49.241004943847656
current epoch  441 , time  1.6439568176865578 , train loss  48.003013610839844 , valid loss:  49.239990234375
current epoch  442 , time  1.6225897129625082 , train loss  48.000892639160156 , valid loss:  49.23534393310547
current epoch  443 , time  1.653196485247463 , train loss  47.998321533203125 , valid loss:  49.25012969970703
current epoch  444 , time  1.6294631729833782 , train loss  47.98027038574219 , valid loss:  49.240516662597656
current epoch  445 , time  1.6335220518521965 , train loss  47.975502014160156 , valid loss:  49.2562255859375
current epoch  446 , time  1.657341086305678 , train loss  47.97924041748047 , valid loss:  49.24523162841797
current epoch  447 , time  1.612650580238551 , train loss  47.96947479248047 , valid loss:  49.26111602783203
current epoch  448 , time  1.651593454182148 , train loss  47.96479034423828 , valid loss:  49.2562255859375
current epoch  449 , time  1.6088870628736913 , train loss  47.94164276123047 , valid loss:  49.26008224487305
current epoch  450 , time  1.6363710230216384 , train loss  47.95563507080078 , valid loss:  49.26371765136719
current epoch  451 , time  1.6300840568728745 , train loss  47.957298278808594 , valid loss:  49.26063537597656
current epoch  452 , time  1.6075887437909842 , train loss  47.94622039794922 , valid loss:  49.27475357055664
current epoch  453 , time  1.5989936208352447 , train loss  47.93825912475586 , valid loss:  49.27092742919922
current epoch  454 , time  1.6061618230305612 , train loss  47.937049865722656 , valid loss:  49.29399871826172
current epoch  455 , time  1.5969578665681183 , train loss  47.92850875854492 , valid loss:  49.288909912109375
current epoch  456 , time  1.5942035662010312 , train loss  47.95005798339844 , valid loss:  49.324913024902344
current epoch  457 , time  1.6068664779886603 , train loss  47.96046447753906 , valid loss:  49.31440353393555
current epoch  458 , time  1.6000200188718736 , train loss  47.97671890258789 , valid loss:  49.33955383300781
current epoch  459 , time  1.5993590238504112 , train loss  47.97133255004883 , valid loss:  49.32420349121094
current epoch  460 , time  1.5969744161702693 , train loss  47.94731140136719 , valid loss:  49.311275482177734
current epoch  461 , time  1.594045075122267 , train loss  47.94742965698242 , valid loss:  49.328704833984375
current epoch  462 , time  1.5972971091978252 , train loss  47.924400329589844 , valid loss:  49.2957878112793
current epoch  463 , time  1.6004254911094904 , train loss  47.91444396972656 , valid loss:  49.33423614501953
current epoch  464 , time  1.5977160716429353 , train loss  47.91815185546875 , valid loss:  49.28931427001953
current epoch  465 , time  1.6007685838267207 , train loss  47.89918899536133 , valid loss:  49.283447265625
current epoch  466 , time  1.609263775870204 , train loss  47.876487731933594 , valid loss:  49.31623077392578
current epoch  467 , time  1.5999794979579747 , train loss  47.89162826538086 , valid loss:  49.29816436767578
current epoch  468 , time  1.6265435023233294 , train loss  47.89037322998047 , valid loss:  49.327972412109375
current epoch  469 , time  1.6224035499617457 , train loss  47.87255096435547 , valid loss:  49.294410705566406
current epoch  470 , time  1.6167498156428337 , train loss  47.85649871826172 , valid loss:  49.29224395751953
current epoch  471 , time  1.6128517892211676 , train loss  47.84505844116211 , valid loss:  49.320335388183594
current epoch  472 , time  1.6080600060522556 , train loss  47.85285949707031 , valid loss:  49.30473327636719
current epoch  473 , time  1.60604800703004 , train loss  47.8518180847168 , valid loss:  49.327022552490234
current epoch  474 , time  1.6314453817903996 , train loss  47.84892654418945 , valid loss:  49.312599182128906
current epoch  475 , time  1.615504884161055 , train loss  47.82867431640625 , valid loss:  49.309364318847656
current epoch  476 , time  1.6074737566523254 , train loss  47.82175827026367 , valid loss:  49.33501052856445
current epoch  477 , time  1.6436754278838634 , train loss  47.819541931152344 , valid loss:  49.31800842285156
current epoch  478 , time  1.6587485182099044 , train loss  47.83024215698242 , valid loss:  49.323970794677734
current epoch  479 , time  1.6276353700086474 , train loss  47.813880920410156 , valid loss:  49.32802963256836
current epoch  480 , time  1.6239674240350723 , train loss  47.80216979980469 , valid loss:  49.324310302734375
current epoch  481 , time  1.6080803479999304 , train loss  47.789634704589844 , valid loss:  49.343421936035156
current epoch  482 , time  1.6139732608571649 , train loss  47.80040740966797 , valid loss:  49.33683776855469
current epoch  483 , time  1.6345411408692598 , train loss  47.78739929199219 , valid loss:  49.33454132080078
current epoch  484 , time  1.6406114846467972 , train loss  47.78911590576172 , valid loss:  49.3480110168457
current epoch  485 , time  1.6072212220169604 , train loss  47.779022216796875 , valid loss:  49.3410758972168
current epoch  486 , time  1.6409303583204746 , train loss  47.786041259765625 , valid loss:  49.3572998046875
current epoch  487 , time  1.6337852450087667 , train loss  47.76422119140625 , valid loss:  49.35342788696289
current epoch  488 , time  1.6337550249882042 , train loss  47.771636962890625 , valid loss:  49.35809326171875
current epoch  489 , time  1.60735731292516 , train loss  47.7581787109375 , valid loss:  49.36187744140625
current epoch  490 , time  1.6411759499460459 , train loss  47.75617218017578 , valid loss:  49.36717987060547
current epoch  491 , time  1.6273149480111897 , train loss  47.75562286376953 , valid loss:  49.380210876464844
current epoch  492 , time  1.5948739419691265 , train loss  47.755435943603516 , valid loss:  49.385658264160156
current epoch  493 , time  1.6096605500206351 , train loss  47.765411376953125 , valid loss:  49.39960861206055
current epoch  494 , time  1.5905528999865055 , train loss  47.76348114013672 , valid loss:  49.41822814941406
current epoch  495 , time  1.5970814991742373 , train loss  47.77214813232422 , valid loss:  49.40898132324219
current epoch  496 , time  1.5874237371608615 , train loss  47.78034973144531 , valid loss:  49.4275016784668
current epoch  497 , time  1.6033799038268626 , train loss  47.771759033203125 , valid loss:  49.38513946533203
current epoch  498 , time  1.6031404919922352 , train loss  47.756309509277344 , valid loss:  49.390045166015625
current epoch  499 , time  1.5923660239204764 , train loss  47.723663330078125 , valid loss:  49.36479949951172
